2025-05-24 17:33:08 - modeling - INFO - machine_learning.py:65 - Initializing modeling with config: {'input': [{'path': './ml_data/breast_cancer_dataset.csv', 'name': None, 'subject_id_col': 'subjID', 'label_col': 'label', 'features': None}], 'output': './ml_data/ml/rad', 'split_method': 'custom', 'test_size': 0.3, 'random_state': 42, 'train_ids_file': './ml_data/train_ids.txt', 'test_ids_file': './ml_data/test_ids.txt', 'normalization': {'method': 'z_score'}, 'feature_selection_methods': [{'method': 'correlation', 'params': {'threshold': 0.75, 'method': 'spearman', 'visualize': False, 'before_z_score': False}}], 'models': {'LogisticRegression': {'params': {'random_state': 42, 'max_iter': 1000, 'C': 1.0, 'penalty': 'l2', 'solver': 'lbfgs'}}}, 'is_visualize': True, 'is_save_model': True}
2025-05-24 17:33:08 - modeling - INFO - machine_learning.py:80 - Available feature selectors: ['correlation', 'icc', 'lasso', 'mrmr', 'stepwise', 'rfecv', 'anova', 'chi2', 'variance', 'statistical_test', 'stepwise_r', 'univariate_logistic', 'vif']
2025-05-24 17:33:08 - modeling - INFO - machine_learning.py:88 - Modeling initialization completed
2025-05-24 17:33:08 - modeling - INFO - machine_learning.py:101 - Reading data from multiple files: 1 files
2025-05-24 17:33:08 - modeling - INFO - machine_learning.py:132 - Reading file: ./ml_data/breast_cancer_dataset.csv, Dataset name: None
2025-05-24 17:33:08 - modeling - INFO - machine_learning.py:133 - Subject ID column: subjID, Label column: label
2025-05-24 17:33:08 - modeling - INFO - machine_learning.py:138 - File loaded with shape: (569, 17)
2025-05-24 17:33:08 - modeling - INFO - machine_learning.py:158 - Using label column: label
2025-05-24 17:33:08 - modeling - INFO - machine_learning.py:164 - Using subject ID column: subjID
2025-05-24 17:33:08 - modeling - INFO - machine_learning.py:210 - Created initial merged dataframe with shape: (569, 15)
2025-05-24 17:33:08 - modeling - INFO - machine_learning.py:226 - Adding unified label column: label
2025-05-24 17:33:08 - modeling - INFO - machine_learning.py:231 - Final merged dataframe shape: (569, 16) with 15 features
2025-05-24 17:33:08 - modeling - INFO - machine_learning.py:249 - Converting data to numeric types
2025-05-24 17:33:08 - modeling - INFO - machine_learning.py:251 - Data converted to numeric types
2025-05-24 17:33:08 - modeling - INFO - machine_learning.py:255 - Missing values: label                      0
compactness error          0
concavity error            0
concave points error       0
symmetry error             0
fractal dimension error    0
worst radius               0
worst texture              0
worst perimeter            0
worst area                 0
worst smoothness           0
worst compactness          0
worst concavity            0
worst concave points       0
worst symmetry             0
worst fractal dimension    0
dtype: int64
2025-05-24 17:33:08 - modeling - INFO - machine_learning.py:258 - Starting data preprocessing
2025-05-24 17:33:08 - modeling - INFO - machine_learning.py:259 - Sample size before removing missing values: 569
2025-05-24 17:33:08 - modeling - INFO - machine_learning.py:261 - Sample size after removing missing values: 569
2025-05-24 17:33:08 - modeling - INFO - machine_learning.py:264 - Data preprocessing completed
2025-05-24 17:33:08 - modeling - INFO - machine_learning.py:274 - Splitting data using method: custom
2025-05-24 17:33:08 - modeling - INFO - machine_learning.py:312 - Reading custom train IDs from ./ml_data/train_ids.txt
2025-05-24 17:33:08 - modeling - INFO - machine_learning.py:389 - Reading subject IDs from file: ./ml_data/train_ids.txt
2025-05-24 17:33:08 - modeling - INFO - machine_learning.py:418 - Parsed 300 subject IDs from line-by-line format
2025-05-24 17:33:08 - modeling - INFO - machine_learning.py:314 - Read 300 train subject IDs
2025-05-24 17:33:08 - modeling - INFO - machine_learning.py:316 - Reading custom test IDs from ./ml_data/test_ids.txt
2025-05-24 17:33:08 - modeling - INFO - machine_learning.py:389 - Reading subject IDs from file: ./ml_data/test_ids.txt
2025-05-24 17:33:08 - modeling - INFO - machine_learning.py:418 - Parsed 269 subject IDs from line-by-line format
2025-05-24 17:33:08 - modeling - INFO - machine_learning.py:318 - Read 269 test subject IDs
2025-05-24 17:33:08 - modeling - INFO - machine_learning.py:354 - Custom split completed: train=300, test=269
2025-05-24 17:33:08 - modeling - INFO - machine_learning.py:371 - Extracted features and labels: 15 features
2025-05-24 17:33:08 - modeling - INFO - machine_learning.py:429 - Saving train/test split information
2025-05-24 17:33:08 - modeling - INFO - machine_learning.py:443 - Split information saved to: ./ml_data/ml/rad\split_info.json
2025-05-24 17:33:08 - modeling - INFO - machine_learning.py:375 - Split information saved
2025-05-24 17:33:08 - modeling - INFO - machine_learning.py:464 - Checking for feature selection methods to run before normalization
2025-05-24 17:33:08 - modeling - INFO - machine_learning.py:482 - No feature selection methods need to run before normalization
2025-05-24 17:33:08 - modeling - INFO - machine_learning.py:562 - Starting data normalization using method: z_score
2025-05-24 17:33:08 - modeling - INFO - machine_learning.py:570 - Using StandardScaler (Z-score normalization)
2025-05-24 17:33:08 - modeling - INFO - machine_learning.py:611 - Fitting scaler on training data with shape: (300, 15)
2025-05-24 17:33:08 - modeling - INFO - machine_learning.py:613 - Transforming test data with shape: (269, 15)
2025-05-24 17:33:08 - modeling - INFO - machine_learning.py:622 - Data normalization completed using z_score method
2025-05-24 17:33:08 - modeling - INFO - machine_learning.py:641 - Starting feature selection
2025-05-24 17:33:08 - modeling - INFO - machine_learning.py:653 - Starting with 15 features
2025-05-24 17:33:08 - modeling - INFO - machine_learning.py:662 - Executing correlation feature selection with params: {'threshold': 0.75, 'method': 'spearman', 'visualize': False, 'before_z_score': False}
2025-05-24 17:33:08 - modeling - INFO - machine_learning.py:687 - correlation selected 9 features, removed 6 features
2025-05-24 17:33:08 - modeling - INFO - machine_learning.py:706 - Feature selection completed. Final number of selected features: 9
2025-05-24 17:33:08 - modeling - INFO - machine_learning.py:720 - Feature selection results saved to: ./ml_data/ml/rad\feature_selection_results.json
2025-05-24 17:33:08 - modeling - INFO - machine_learning.py:731 - Starting model training
2025-05-24 17:33:08 - modeling - INFO - machine_learning.py:742 - Training 1 models: ['LogisticRegression']
2025-05-24 17:33:08 - modeling - INFO - machine_learning.py:746 - Training model: LogisticRegression with config: {'params': {'random_state': 42, 'max_iter': 1000, 'C': 1.0, 'penalty': 'l2', 'solver': 'lbfgs'}}
2025-05-24 17:33:08 - modeling - INFO - machine_learning.py:760 - Overlap features: ['worst radius', 'worst texture', 'worst symmetry', 'concave points error', 'symmetry error', 'worst fractal dimension', 'compactness error', 'worst concavity', 'worst smoothness']
2025-05-24 17:33:08 - modeling - INFO - machine_learning.py:764 - Training model with 9 features
2025-05-24 17:33:08 - modeling - INFO - machine_learning.py:769 - Model LogisticRegression trained successfully
2025-05-24 17:33:08 - modeling - INFO - machine_learning.py:782 - Model training completed. Trained 1 models successfully
2025-05-24 17:33:08 - modeling - INFO - machine_learning.py:793 - Starting model evaluation
2025-05-24 17:33:08 - modeling - INFO - machine_learning.py:805 - Evaluating model: LogisticRegression
2025-05-24 17:33:08 - modeling - INFO - machine_learning.py:809 - Evaluating LogisticRegression on training set
2025-05-24 17:33:08 - modeling - INFO - machine_learning.py:812 - Training set metrics: {'accuracy': 0.9733333333333334, 'sensitivity': 0.987012987012987, 'specificity': 0.958904109589041, 'ppv': 0.9620253164556962, 'npv': 0.9859154929577465, 'auc': 0.9935954456502402}
2025-05-24 17:33:08 - modeling - INFO - machine_learning.py:815 - Evaluating LogisticRegression on test set
2025-05-24 17:33:08 - modeling - INFO - machine_learning.py:818 - Test set metrics: {'accuracy': 0.9776951672862454, 'sensitivity': 0.9704433497536946, 'specificity': 1.0, 'ppv': 1.0, 'npv': 0.9166666666666666, 'auc': 0.9994775339602926}
2025-05-24 17:33:08 - modeling - INFO - machine_learning.py:824 - Feature importance calculated for LogisticRegression
2025-05-24 17:33:08 - modeling - INFO - machine_learning.py:829 - Plotting SHAP values for LogisticRegression
2025-05-24 17:33:10 - modeling - INFO - machine_learning.py:831 - SHAP plot saved for LogisticRegression
2025-05-24 17:33:10 - modeling - INFO - machine_learning.py:843 - Performance table generated
2025-05-24 17:33:10 - modeling - INFO - machine_learning.py:851 - Generating visualization plots
2025-05-24 17:33:12 - modeling - INFO - machine_learning.py:853 - Visualization plots saved
2025-05-24 17:33:12 - modeling - INFO - machine_learning.py:860 - Saving detailed prediction results
2025-05-24 17:33:12 - modeling - INFO - machine_learning.py:884 - Saving detailed prediction results
2025-05-24 17:33:12 - modeling - INFO - machine_learning.py:912 - Saved complete prediction results to: ./ml_data/ml/rad\all_prediction_results.csv
2025-05-24 17:33:12 - modeling - INFO - machine_learning.py:862 - Prediction results saved
2025-05-24 17:33:12 - modeling - INFO - machine_learning.py:870 - Saving trained models and preprocessing information
2025-05-24 17:33:12 - modeling - INFO - machine_learning.py:918 - Saving trained models and preprocessing information
2025-05-24 17:33:12 - modeling - INFO - machine_learning.py:943 - Saved complete model package to: ./ml_data/ml/rad\model_package.pkl
2025-05-24 17:33:12 - modeling - INFO - machine_learning.py:1040 - Saved model usage instructions to: ./ml_data/ml/rad\model_usage_instructions.txt
2025-05-24 17:33:12 - modeling - INFO - machine_learning.py:872 - Models and preprocessing information saved
2025-05-24 17:33:12 - modeling - INFO - machine_learning.py:877 - Model evaluation completed
