2025-05-24 22:38:22 - model_prediction - INFO - machine_learning.py:1187 - Loading model from ./ml_data/ml/rad/model_package.pkl for prediction
2025-05-24 22:38:22 - model_prediction - INFO - machine_learning.py:1196 - Successfully loaded model package from ./ml_data/ml/rad/model_package.pkl
2025-05-24 22:38:22 - model_prediction - INFO - machine_learning.py:1209 - Loaded model package with 3 models
2025-05-24 22:38:22 - model_prediction - INFO - machine_learning.py:1210 - Selected features: 2 features
2025-05-24 22:38:22 - model_prediction - INFO - machine_learning.py:1224 - Using models: ['LogisticRegression', 'SVM', 'XGBoost']
2025-05-24 22:38:22 - model_prediction - INFO - machine_learning.py:1229 - Subject ID column: subjID, Label column: label
2025-05-24 22:38:22 - model_prediction - INFO - machine_learning.py:1235 - Found subject ID column: subjID
2025-05-24 22:38:22 - model_prediction - INFO - machine_learning.py:1249 - Found label column: label
2025-05-24 22:38:22 - model_prediction - INFO - machine_learning.py:1275 - Applying scaling to 4 common columns
2025-05-24 22:38:22 - model_prediction - INFO - machine_learning.py:1299 - Selected 2 features for prediction
2025-05-24 22:38:22 - model_prediction - INFO - machine_learning.py:1303 - Making predictions with model: LogisticRegression
2025-05-24 22:38:22 - model_prediction - INFO - machine_learning.py:1319 - Predictions made with model LogisticRegression successfully
2025-05-24 22:38:22 - model_prediction - INFO - machine_learning.py:1303 - Making predictions with model: SVM
2025-05-24 22:38:22 - model_prediction - INFO - machine_learning.py:1319 - Predictions made with model SVM successfully
2025-05-24 22:38:22 - model_prediction - INFO - machine_learning.py:1303 - Making predictions with model: XGBoost
2025-05-24 22:38:22 - model_prediction - INFO - machine_learning.py:1319 - Predictions made with model XGBoost successfully
2025-05-24 22:38:22 - model_prediction - INFO - machine_learning.py:1327 - Performing model evaluation on prediction results
2025-05-24 22:38:22 - model_prediction - INFO - machine_learning.py:1332 - Using output directory: ./ml_data/ml/rad/
2025-05-24 22:38:22 - model_prediction - INFO - machine_learning.py:1356 - Evaluation metrics for LogisticRegression: {'accuracy': 0.9420035149384886, 'sensitivity': 0.9439775910364145, 'specificity': 0.9386792452830188, 'ppv': 0.9628571428571429, 'npv': 0.908675799086758, 'auc': 0.9854658844669943, 'auc_ci': (0.9854659, array([0.97753809, 0.99339368])), 'hosmer_lemeshow_chi2': 24.434171441162547, 'hosmer_lemeshow_p_value': 0.001937347484364138, 'spiegelhalter_z_statistic': 4.338951405104226, 'spiegelhalter_z_p_value': 1.4316417190407549e-05}
2025-05-24 22:38:22 - model_prediction - INFO - machine_learning.py:1356 - Evaluation metrics for SVM: {'accuracy': 0.9384885764499121, 'sensitivity': 0.938375350140056, 'specificity': 0.9386792452830188, 'ppv': 0.9626436781609196, 'npv': 0.9004524886877828, 'auc': 0.9857697796099572, 'auc_ci': (0.98576975, array([0.97786773, 0.99367177])), 'hosmer_lemeshow_chi2': 101.29163976347404, 'hosmer_lemeshow_p_value': 0.0, 'spiegelhalter_z_statistic': 5.783071946778255, 'spiegelhalter_z_p_value': 7.334867380137666e-09}
2025-05-24 22:38:22 - model_prediction - INFO - machine_learning.py:1356 - Evaluation metrics for XGBoost: {'accuracy': 0.9525483304042179, 'sensitivity': 0.9467787114845938, 'specificity': 0.9622641509433962, 'ppv': 0.976878612716763, 'npv': 0.9147982062780269, 'auc': 0.99168252206543, 'auc_ci': (0.9916825, array([0.98664678, 0.99671828])), 'hosmer_lemeshow_chi2': 23.698063831385944, 'hosmer_lemeshow_p_value': 0.0025746221827581683, 'spiegelhalter_z_statistic': 4.410483866314083, 'spiegelhalter_z_p_value': 1.031398908279968e-05}
2025-05-24 22:38:22 - model_prediction - INFO - machine_learning.py:1361 - Performance table generated
2025-05-24 22:38:22 - model_prediction - INFO - machine_learning.py:1368 - Performance table saved
2025-05-24 22:38:24 - model_prediction - INFO - machine_learning.py:1375 - Evaluation plots generated
2025-05-24 22:38:24 - model_prediction - INFO - machine_learning.py:1379 - Prediction completed for 569 samples
