2026-01-07 17:54:05 - habit - INFO - [log_utils.py:119] - Log file initialized: F:\work\research\radiomics_TLSs\habit_project\demo_image_data\processed\processing.log
2026-01-07 17:54:05 - habit.cli.preprocess - INFO - [cmd_preprocess.py:50] - Python version: 3.8.20 (default, Oct  3 2024, 15:19:54) [MSC v.1929 64 bit (AMD64)]
2026-01-07 17:54:05 - habit.cli.preprocess - INFO - [cmd_preprocess.py:51] - Platform: Windows-10-10.0.19045-SP0
2026-01-07 17:54:05 - habit.cli.preprocess - INFO - [cmd_preprocess.py:52] - Using configuration file: ./demo_image_data/config_image_preprocessing.yaml
2026-01-07 17:54:05 - habit.cli.preprocess - INFO - [cmd_preprocess.py:60] - Set multiprocessing start method to 'spawn' on Windows
2026-01-07 17:54:05 - habit.preprocessing - INFO - [image_processor_pipeline.py:208] - Using existing logging configuration from CLI entry point
2026-01-07 17:54:05 - habit.preprocessing - INFO - [image_processor_pipeline.py:100] - Intermediate results will be saved for all steps
2026-01-07 17:54:05 - habit.preprocessing - INFO - [image_processor_pipeline.py:79] - Using 2 worker processes.
2026-01-07 17:54:05 - habit.cli.preprocess - INFO - [cmd_preprocess.py:63] - Successfully initialized BatchProcessor
2026-01-07 17:54:05 - habit.cli.preprocess - INFO - [cmd_preprocess.py:72] - Starting batch processing
2026-01-07 17:54:05 - habit.preprocessing - WARNING - [image_processor_pipeline.py:428] - No mask found for subject subj001, skipping
2026-01-07 17:54:05 - habit.preprocessing - WARNING - [image_processor_pipeline.py:428] - No mask found for subject subj002, skipping
2026-01-07 17:54:05 - habit.preprocessing - INFO - [image_processor_pipeline.py:434] - 将使用 2 个进程进行处理
2026-01-07 17:54:05 - habit.preprocessing - INFO - [image_processor_pipeline.py:436] - 共有 2 个样本需要处理
2026-01-07 17:54:05 - habit.preprocessing - INFO - [image_processor_pipeline.py:442] - 开始处理数据...
2026-01-07 17:54:05 - habit.preprocessing - INFO - [image_processor_pipeline.py:462] - 开始并行处理所有样本...
2026-01-07 17:54:38 - habit.preprocessing - INFO - [image_processor_pipeline.py:467] - 完成处理样本: Success: subj001 (0/2)
2026-01-07 17:54:39 - habit.preprocessing - INFO - [image_processor_pipeline.py:467] - 完成处理样本: Success: subj002 (1/2)
2026-01-07 17:54:39 - habit.preprocessing - INFO - [image_processor_pipeline.py:475] - 批处理完成
2026-01-07 17:54:39 - habit.cli.preprocess - INFO - [cmd_preprocess.py:74] - Batch processing completed
