2026-01-25 21:48:44 - habit - INFO - [log_utils.py:127] - Log file initialized: F:\work\habit_project\demo_data\ml_data\clinical\predictions\prediction.log
2026-01-25 21:48:44 - habit.cli.ml.predict - INFO - [cmd_ml.py:87] - Starting prediction with config: ./demo_data/config_machine_learning_predict.yaml
2026-01-25 21:48:50 - habit.cli.ml.predict - INFO - [prediction_workflow.py:68] - Starting prediction pipeline
2026-01-25 21:48:50 - habit.cli.ml.predict - INFO - [prediction_workflow.py:71] - Loading data from F:\work\habit_project\demo_data\ml_data\clinical_feature.csv
2026-01-25 21:48:50 - habit.cli.ml.predict - INFO - [prediction_workflow.py:76] - Data loaded: 569 rows, 8 columns
2026-01-25 21:48:50 - habit.cli.ml.predict - INFO - [prediction_workflow.py:79] - Loading model from F:\work\habit_project\demo_data\ml_data\clinical\models\LogisticRegression_final_pipeline.pkl
2026-01-25 21:48:50 - habit.cli.ml.predict - INFO - [prediction_workflow.py:86] - Making predictions...
2026-01-25 21:48:50 - habit.cli.ml.predict - INFO - [prediction_workflow.py:92] - Evaluation enabled. Using column 'label' as ground truth.
2026-01-25 21:50:59 - habit.cli.ml.predict - INFO - [prediction_workflow.py:140] - Evaluation Metrics:
2026-01-25 21:50:59 - habit.cli.ml.predict - INFO - [prediction_workflow.py:142] -   accuracy: 0.9367311072056239
2026-01-25 21:50:59 - habit.cli.ml.predict - INFO - [prediction_workflow.py:142] -   sensitivity: 0.9439775910364145
2026-01-25 21:50:59 - habit.cli.ml.predict - INFO - [prediction_workflow.py:142] -   specificity: 0.9245283018867925
2026-01-25 21:50:59 - habit.cli.ml.predict - INFO - [prediction_workflow.py:142] -   ppv: 0.9546742209631728
2026-01-25 21:50:59 - habit.cli.ml.predict - INFO - [prediction_workflow.py:142] -   npv: 0.9074074074074074
2026-01-25 21:50:59 - habit.cli.ml.predict - INFO - [prediction_workflow.py:142] -   f1_score: 0.9492957746478874
2026-01-25 21:50:59 - habit.cli.ml.predict - INFO - [prediction_workflow.py:142] -   auc: 0.9831140003171079
2026-01-25 21:50:59 - habit.cli.ml.predict - INFO - [prediction_workflow.py:142] -   hosmer_lemeshow_p_value: 0.012377686027473356
2026-01-25 21:50:59 - habit.cli.ml.predict - INFO - [prediction_workflow.py:142] -   spiegelhalter_z_p_value: 0.0009030468316211238
2026-01-25 21:50:59 - habit.cli.ml.predict - INFO - [prediction_workflow.py:166] - Saved prediction results to F:\work\habit_project\demo_data\ml_data\clinical\predictions\prediction_results.csv
2026-01-25 21:50:59 - habit.cli.ml.predict - INFO - [prediction_workflow.py:171] - Saved evaluation metrics to F:\work\habit_project\demo_data\ml_data\clinical\predictions\evaluation_metrics.csv
