2025-10-29 13:17:13,767 - habit_preprocess - INFO - Log file saved to: F:\work\research\radiomics_TLSs\habit_project\demo_image_data\nii\preprocessed\preprocessing_debug.log
2025-10-29 13:17:13,767 - habit_preprocess - INFO - Python version: 3.12.11 | packaged by Anaconda, Inc. | (main, Jun  5 2025, 12:58:53) [MSC v.1929 64 bit (AMD64)]
2025-10-29 13:17:13,797 - habit_preprocess - INFO - Platform: Windows-10-10.0.19045-SP0
2025-10-29 13:17:13,797 - habit_preprocess - INFO - Current working directory: F:\work\research\radiomics_TLSs\habit_project
2025-10-29 13:17:13,797 - habit_preprocess - INFO - Using configuration file: F:/work/research/radiomics_TLSs/habit_project/demo_image_data/config_image_preprocessing.yaml
2025-10-29 13:17:13,798 - habit_preprocess - INFO - Set multiprocessing start method to 'spawn' on Windows
2025-10-29 13:17:13,801 - habit.core.preprocessing.image_processor_pipeline - INFO - Logging initialized. Log file: F:\work\research\radiomics_TLSs\habit_project\demo_image_data\nii\preprocessed\logs\processing.log
2025-10-29 13:17:13,801 - habit.core.preprocessing.image_processor_pipeline - INFO - Using 1 worker processes.
2025-10-29 13:17:13,802 - habit_preprocess - INFO - Successfully initialized BatchProcessor
2025-10-29 13:17:13,802 - habit_preprocess - INFO - Starting batch processing
2025-10-29 13:17:13,804 - habit.core.preprocessing.image_processor_pipeline - WARNING - No mask found for subject subj001, skipping
2025-10-29 13:17:13,805 - habit.core.preprocessing.image_processor_pipeline - WARNING - No mask found for subject subj002, skipping
2025-10-29 13:17:13,805 - habit.core.preprocessing.image_processor_pipeline - INFO - 将使用 1 个进程进行处理
2025-10-29 13:17:13,805 - habit.core.preprocessing.image_processor_pipeline - INFO - 共有 2 个样本需要处理
2025-10-29 13:17:13,806 - habit.core.preprocessing.image_processor_pipeline - INFO - 开始处理数据...
2025-10-29 13:17:13,806 - habit.core.preprocessing.image_processor_pipeline - INFO - 使用单进程模式...
2025-10-29 13:17:13,806 - habit.core.preprocessing.image_processor_pipeline - INFO - Processing subject: subj001
2025-10-29 13:17:14,251 - habit.core.preprocessing.resample - INFO - Resampling images to [1.0, 1.0, 1.0]...
2025-10-29 13:17:14,251 - habit.core.preprocessing.resample - INFO - Processing subject: subj001
2025-10-29 13:17:14,251 - habit.core.preprocessing.resample - INFO - [subj001] (delay2) Original spacing: (0.6640999913215637, 0.6640999913215637, 2.5), size: (512, 512, 80)
2025-10-29 13:17:14,251 - habit.core.preprocessing.resample - INFO - [subj001] (delay2) Target spacing: [1.0, 1.0, 1.0], new size: [340, 340, 200]
2025-10-29 13:17:14,392 - habit.core.preprocessing.resample - INFO - [subj001] (delay2) Resampling completed
2025-10-29 13:17:14,397 - habit.core.preprocessing.resample - INFO - [subj001] Successfully resampled image delay2
2025-10-29 13:17:14,406 - habit.core.preprocessing.resample - INFO - [subj001] (delay3) Original spacing: (0.6640999913215637, 0.6640999913215637, 2.5), size: (512, 512, 80)
2025-10-29 13:17:14,406 - habit.core.preprocessing.resample - INFO - [subj001] (delay3) Target spacing: [1.0, 1.0, 1.0], new size: [340, 340, 200]
2025-10-29 13:17:14,519 - habit.core.preprocessing.resample - INFO - [subj001] (delay3) Resampling completed
2025-10-29 13:17:14,524 - habit.core.preprocessing.resample - INFO - [subj001] Successfully resampled image delay3
2025-10-29 13:17:14,535 - habit.core.preprocessing.resample - INFO - [subj001] (delay5) Original spacing: (0.6640999913215637, 0.6640999913215637, 2.5), size: (512, 512, 80)
2025-10-29 13:17:14,535 - habit.core.preprocessing.resample - INFO - [subj001] (delay5) Target spacing: [1.0, 1.0, 1.0], new size: [340, 340, 200]
2025-10-29 13:17:14,631 - habit.core.preprocessing.resample - INFO - [subj001] (delay5) Resampling completed
2025-10-29 13:17:14,636 - habit.core.preprocessing.resample - INFO - [subj001] Successfully resampled image delay5
