2025-10-29 14:09:17 - habit - INFO - [log_utils.py:119] - Log file initialized: F:\work\research\radiomics_TLSs\habit_project\demo_image_data\nii\preprocessed\processing.log
2025-10-29 14:09:17 - habit.preprocessing - INFO - [image_processor_pipeline.py:76] - Using 1 worker processes.
2025-10-29 14:09:17 - habit.cli.preprocess - INFO - [cmd_preprocess.py:48] - Successfully initialized BatchProcessor
2025-10-29 14:09:17 - habit.cli.preprocess - INFO - [cmd_preprocess.py:57] - Starting batch processing
2025-10-29 14:09:17 - habit.preprocessing - WARNING - [image_processor_pipeline.py:264] - No mask found for subject subj001, skipping
2025-10-29 14:09:17 - habit.preprocessing - WARNING - [image_processor_pipeline.py:264] - No mask found for subject subj002, skipping
2025-10-29 14:09:17 - habit.preprocessing - INFO - [image_processor_pipeline.py:270] - 将使用 1 个进程进行处理
2025-10-29 14:09:17 - habit.preprocessing - INFO - [image_processor_pipeline.py:272] - 共有 2 个样本需要处理
2025-10-29 14:09:17 - habit.preprocessing - INFO - [image_processor_pipeline.py:278] - 开始处理数据...
2025-10-29 14:09:17 - habit.preprocessing - INFO - [image_processor_pipeline.py:282] - 使用单进程模式...
2025-10-29 14:09:17 - habit.preprocessing - INFO - [image_processor_pipeline.py:133] - Processing subject: subj001
2025-10-29 14:09:18 - habit.core.preprocessing.resample - INFO - [resample.py:143] - Resampling images to [3.0, 3.0, 3.0]...
2025-10-29 14:09:18 - habit.core.preprocessing.resample - INFO - [resample.py:147] - Processing subject: subj001
2025-10-29 14:09:18 - habit.core.preprocessing.resample - INFO - [resample.py:109] - [subj001] (delay2) Original spacing: (0.6640999913215637, 0.6640999913215637, 2.5), size: (512, 512, 80)
2025-10-29 14:09:18 - habit.core.preprocessing.resample - INFO - [resample.py:115] - [subj001] (delay2) Target spacing: [3.0, 3.0, 3.0], new size: [113, 113, 67]
2025-10-29 14:09:18 - habit.core.preprocessing.resample - INFO - [resample.py:129] - [subj001] (delay2) Resampling completed
2025-10-29 14:09:18 - habit.core.preprocessing.resample - INFO - [resample.py:172] - [subj001] Successfully resampled image delay2
2025-10-29 14:09:18 - habit.core.preprocessing.resample - INFO - [resample.py:109] - [subj001] (delay3) Original spacing: (0.6640999913215637, 0.6640999913215637, 2.5), size: (512, 512, 80)
2025-10-29 14:09:18 - habit.core.preprocessing.resample - INFO - [resample.py:115] - [subj001] (delay3) Target spacing: [3.0, 3.0, 3.0], new size: [113, 113, 67]
2025-10-29 14:09:18 - habit.core.preprocessing.resample - INFO - [resample.py:129] - [subj001] (delay3) Resampling completed
2025-10-29 14:09:18 - habit.core.preprocessing.resample - INFO - [resample.py:172] - [subj001] Successfully resampled image delay3
2025-10-29 14:09:18 - habit.core.preprocessing.resample - INFO - [resample.py:109] - [subj001] (delay5) Original spacing: (0.6640999913215637, 0.6640999913215637, 2.5), size: (512, 512, 80)
2025-10-29 14:09:18 - habit.core.preprocessing.resample - INFO - [resample.py:115] - [subj001] (delay5) Target spacing: [3.0, 3.0, 3.0], new size: [113, 113, 67]
2025-10-29 14:09:18 - habit.core.preprocessing.resample - INFO - [resample.py:129] - [subj001] (delay5) Resampling completed
2025-10-29 14:09:18 - habit.core.preprocessing.resample - INFO - [resample.py:172] - [subj001] Successfully resampled image delay5
2025-10-29 14:09:25 - habit.preprocessing - INFO - [image_processor_pipeline.py:292] - 完成处理样本: Success: subj001 (1/2)
2025-10-29 14:09:25 - habit.preprocessing - INFO - [image_processor_pipeline.py:133] - Processing subject: subj002
2025-10-29 14:09:26 - habit.core.preprocessing.resample - INFO - [resample.py:143] - Resampling images to [3.0, 3.0, 3.0]...
2025-10-29 14:09:26 - habit.core.preprocessing.resample - INFO - [resample.py:147] - Processing subject: subj002
2025-10-29 14:09:26 - habit.core.preprocessing.resample - INFO - [resample.py:109] - [subj002] (delay2) Original spacing: (0.7031000256538391, 0.7031000256538391, 2.5), size: (512, 512, 80)
2025-10-29 14:09:26 - habit.core.preprocessing.resample - INFO - [resample.py:115] - [subj002] (delay2) Target spacing: [3.0, 3.0, 3.0], new size: [120, 120, 67]
2025-10-29 14:09:26 - habit.core.preprocessing.resample - INFO - [resample.py:129] - [subj002] (delay2) Resampling completed
2025-10-29 14:09:26 - habit.core.preprocessing.resample - INFO - [resample.py:172] - [subj002] Successfully resampled image delay2
2025-10-29 14:09:26 - habit.core.preprocessing.resample - INFO - [resample.py:109] - [subj002] (delay3) Original spacing: (0.7031000256538391, 0.7031000256538391, 2.5), size: (512, 512, 80)
2025-10-29 14:09:26 - habit.core.preprocessing.resample - INFO - [resample.py:115] - [subj002] (delay3) Target spacing: [3.0, 3.0, 3.0], new size: [120, 120, 67]
2025-10-29 14:09:26 - habit.core.preprocessing.resample - INFO - [resample.py:129] - [subj002] (delay3) Resampling completed
2025-10-29 14:09:26 - habit.core.preprocessing.resample - INFO - [resample.py:172] - [subj002] Successfully resampled image delay3
2025-10-29 14:09:26 - habit.core.preprocessing.resample - INFO - [resample.py:109] - [subj002] (delay5) Original spacing: (0.7031000256538391, 0.7031000256538391, 2.5), size: (512, 512, 80)
2025-10-29 14:09:26 - habit.core.preprocessing.resample - INFO - [resample.py:115] - [subj002] (delay5) Target spacing: [3.0, 3.0, 3.0], new size: [120, 120, 67]
2025-10-29 14:09:26 - habit.core.preprocessing.resample - INFO - [resample.py:129] - [subj002] (delay5) Resampling completed
2025-10-29 14:09:26 - habit.core.preprocessing.resample - INFO - [resample.py:172] - [subj002] Successfully resampled image delay5
2025-10-29 14:09:35 - habit.preprocessing - INFO - [image_processor_pipeline.py:292] - 完成处理样本: Success: subj002 (2/2)
2025-10-29 14:09:35 - habit.preprocessing - INFO - [image_processor_pipeline.py:311] - 批处理完成
2025-10-29 14:09:35 - habit.cli.preprocess - INFO - [cmd_preprocess.py:59] - Batch processing completed
