2025-10-29 12:23:49,941 - habit.core.preprocessing.image_processor_pipeline - INFO - Logging initialized. Log file: F:\work\research\radiomics_TLSs\habit_project\demo_image_data\nii\preprocessed\logs\processing.log
2025-10-29 12:23:49,941 - habit.core.preprocessing.image_processor_pipeline - INFO - Using 1 worker processes.
2025-10-29 12:23:49,944 - habit.core.preprocessing.image_processor_pipeline - WARNING - No mask found for subject subj001, skipping
2025-10-29 12:23:49,946 - habit.core.preprocessing.image_processor_pipeline - WARNING - No mask found for subject subj002, skipping
2025-10-29 12:23:49,946 - habit.core.preprocessing.image_processor_pipeline - INFO - 将使用 1 个进程进行处理
2025-10-29 12:23:49,946 - habit.core.preprocessing.image_processor_pipeline - INFO - 共有 2 个样本需要处理
2025-10-29 12:23:49,947 - habit.core.preprocessing.image_processor_pipeline - INFO - 开始处理数据...
2025-10-29 12:23:49,947 - habit.core.preprocessing.image_processor_pipeline - INFO - 使用单进程模式...
2025-10-29 12:23:49,948 - habit.core.preprocessing.image_processor_pipeline - INFO - Processing subject: subj001
2025-10-29 12:25:47,587 - habit.core.preprocessing.image_processor_pipeline - INFO - Logging initialized. Log file: F:\work\research\radiomics_TLSs\habit_project\demo_image_data\nii\preprocessed\logs\processing.log
2025-10-29 12:25:47,588 - habit.core.preprocessing.image_processor_pipeline - INFO - Using 1 worker processes.
2025-10-29 12:25:47,593 - habit.core.preprocessing.image_processor_pipeline - WARNING - No mask found for subject subj001, skipping
2025-10-29 12:25:47,595 - habit.core.preprocessing.image_processor_pipeline - WARNING - No mask found for subject subj002, skipping
2025-10-29 12:25:47,596 - habit.core.preprocessing.image_processor_pipeline - INFO - 将使用 1 个进程进行处理
2025-10-29 12:25:47,596 - habit.core.preprocessing.image_processor_pipeline - INFO - 共有 2 个样本需要处理
2025-10-29 12:25:47,597 - habit.core.preprocessing.image_processor_pipeline - INFO - 开始处理数据...
2025-10-29 12:25:47,597 - habit.core.preprocessing.image_processor_pipeline - INFO - 使用单进程模式...
2025-10-29 12:25:47,598 - habit.core.preprocessing.image_processor_pipeline - INFO - Processing subject: subj001
2025-10-29 12:28:47,468 - habit.core.preprocessing.image_processor_pipeline - INFO - Logging initialized. Log file: F:\work\research\radiomics_TLSs\habit_project\demo_image_data\nii\preprocessed\logs\processing.log
2025-10-29 12:28:47,469 - habit.core.preprocessing.image_processor_pipeline - INFO - Using 1 worker processes.
2025-10-29 12:28:47,471 - habit.core.preprocessing.image_processor_pipeline - WARNING - No mask found for subject subj001, skipping
2025-10-29 12:28:47,471 - habit.core.preprocessing.image_processor_pipeline - WARNING - No mask found for subject subj002, skipping
2025-10-29 12:28:47,472 - habit.core.preprocessing.image_processor_pipeline - INFO - 将使用 1 个进程进行处理
2025-10-29 12:28:47,472 - habit.core.preprocessing.image_processor_pipeline - INFO - 共有 2 个样本需要处理
2025-10-29 12:28:47,472 - habit.core.preprocessing.image_processor_pipeline - INFO - 开始处理数据...
2025-10-29 12:28:47,473 - habit.core.preprocessing.image_processor_pipeline - INFO - 使用单进程模式...
2025-10-29 12:28:47,473 - habit.core.preprocessing.image_processor_pipeline - INFO - Processing subject: subj001
2025-10-29 12:29:19,454 - habit.core.preprocessing.image_processor_pipeline - INFO - Logging initialized. Log file: F:\work\research\radiomics_TLSs\habit_project\demo_image_data\nii\preprocessed\logs\processing.log
2025-10-29 12:29:19,455 - habit.core.preprocessing.image_processor_pipeline - INFO - Using 1 worker processes.
2025-10-29 12:29:19,458 - habit.core.preprocessing.image_processor_pipeline - WARNING - No mask found for subject subj001, skipping
2025-10-29 12:29:19,460 - habit.core.preprocessing.image_processor_pipeline - WARNING - No mask found for subject subj002, skipping
2025-10-29 12:29:19,461 - habit.core.preprocessing.image_processor_pipeline - INFO - 将使用 1 个进程进行处理
2025-10-29 12:29:19,462 - habit.core.preprocessing.image_processor_pipeline - INFO - 共有 2 个样本需要处理
2025-10-29 12:29:19,463 - habit.core.preprocessing.image_processor_pipeline - INFO - 开始处理数据...
2025-10-29 12:29:19,463 - habit.core.preprocessing.image_processor_pipeline - INFO - 使用单进程模式...
2025-10-29 12:29:19,464 - habit.core.preprocessing.image_processor_pipeline - INFO - Processing subject: subj001
2025-10-29 12:29:49,060 - habit.core.preprocessing.image_processor_pipeline - INFO - Logging initialized. Log file: F:\work\research\radiomics_TLSs\habit_project\demo_image_data\nii\preprocessed\logs\processing.log
2025-10-29 12:29:49,060 - habit.core.preprocessing.image_processor_pipeline - INFO - Using 1 worker processes.
2025-10-29 12:29:49,063 - habit.core.preprocessing.image_processor_pipeline - WARNING - No mask found for subject subj001, skipping
2025-10-29 12:29:49,064 - habit.core.preprocessing.image_processor_pipeline - WARNING - No mask found for subject subj002, skipping
2025-10-29 12:29:49,064 - habit.core.preprocessing.image_processor_pipeline - INFO - 将使用 1 个进程进行处理
2025-10-29 12:29:49,065 - habit.core.preprocessing.image_processor_pipeline - INFO - 共有 2 个样本需要处理
2025-10-29 12:29:49,066 - habit.core.preprocessing.image_processor_pipeline - INFO - 开始处理数据...
2025-10-29 12:29:49,067 - habit.core.preprocessing.image_processor_pipeline - INFO - 使用单进程模式...
2025-10-29 12:29:49,068 - habit.core.preprocessing.image_processor_pipeline - INFO - Processing subject: subj001
2025-10-29 12:30:21,505 - habit.core.preprocessing.image_processor_pipeline - INFO - Logging initialized. Log file: F:\work\research\radiomics_TLSs\habit_project\demo_image_data\nii\preprocessed\logs\processing.log
2025-10-29 12:30:21,505 - habit.core.preprocessing.image_processor_pipeline - INFO - Using 1 worker processes.
2025-10-29 12:30:21,507 - habit.core.preprocessing.image_processor_pipeline - WARNING - No mask found for subject subj001, skipping
2025-10-29 12:30:21,508 - habit.core.preprocessing.image_processor_pipeline - WARNING - No mask found for subject subj002, skipping
2025-10-29 12:30:21,508 - habit.core.preprocessing.image_processor_pipeline - INFO - 将使用 1 个进程进行处理
2025-10-29 12:30:21,509 - habit.core.preprocessing.image_processor_pipeline - INFO - 共有 2 个样本需要处理
2025-10-29 12:30:21,509 - habit.core.preprocessing.image_processor_pipeline - INFO - 开始处理数据...
2025-10-29 12:30:21,509 - habit.core.preprocessing.image_processor_pipeline - INFO - 使用单进程模式...
2025-10-29 12:30:21,510 - habit.core.preprocessing.image_processor_pipeline - INFO - Processing subject: subj001
2025-10-29 12:31:02,487 - habit.core.preprocessing.image_processor_pipeline - INFO - Logging initialized. Log file: F:\work\research\radiomics_TLSs\habit_project\demo_image_data\nii\preprocessed\logs\processing.log
2025-10-29 12:31:02,487 - habit.core.preprocessing.image_processor_pipeline - INFO - Using 1 worker processes.
2025-10-29 12:31:02,490 - habit.core.preprocessing.image_processor_pipeline - WARNING - No mask found for subject subj001, skipping
2025-10-29 12:31:02,492 - habit.core.preprocessing.image_processor_pipeline - WARNING - No mask found for subject subj002, skipping
2025-10-29 12:31:02,493 - habit.core.preprocessing.image_processor_pipeline - INFO - 将使用 1 个进程进行处理
2025-10-29 12:31:02,493 - habit.core.preprocessing.image_processor_pipeline - INFO - 共有 2 个样本需要处理
2025-10-29 12:31:02,494 - habit.core.preprocessing.image_processor_pipeline - INFO - 开始处理数据...
2025-10-29 12:31:02,494 - habit.core.preprocessing.image_processor_pipeline - INFO - 使用单进程模式...
2025-10-29 12:31:02,495 - habit.core.preprocessing.image_processor_pipeline - INFO - Processing subject: subj001
2025-10-29 12:31:47,371 - habit.core.preprocessing.image_processor_pipeline - INFO - Logging initialized. Log file: F:\work\research\radiomics_TLSs\habit_project\demo_image_data\nii\preprocessed\logs\processing.log
2025-10-29 12:31:47,372 - habit.core.preprocessing.image_processor_pipeline - INFO - Using 1 worker processes.
2025-10-29 12:31:47,377 - habit.core.preprocessing.image_processor_pipeline - WARNING - No mask found for subject subj001, skipping
2025-10-29 12:31:47,379 - habit.core.preprocessing.image_processor_pipeline - WARNING - No mask found for subject subj002, skipping
2025-10-29 12:31:47,379 - habit.core.preprocessing.image_processor_pipeline - INFO - 将使用 1 个进程进行处理
2025-10-29 12:31:47,379 - habit.core.preprocessing.image_processor_pipeline - INFO - 共有 2 个样本需要处理
2025-10-29 12:31:47,380 - habit.core.preprocessing.image_processor_pipeline - INFO - 开始处理数据...
2025-10-29 12:31:47,380 - habit.core.preprocessing.image_processor_pipeline - INFO - 使用单进程模式...
2025-10-29 12:31:47,381 - habit.core.preprocessing.image_processor_pipeline - INFO - Processing subject: subj001
2025-10-29 12:33:30,094 - habit.core.preprocessing.image_processor_pipeline - INFO - Logging initialized. Log file: F:\work\research\radiomics_TLSs\habit_project\demo_image_data\nii\preprocessed\logs\processing.log
2025-10-29 12:33:30,094 - habit.core.preprocessing.image_processor_pipeline - INFO - Using 1 worker processes.
2025-10-29 12:33:30,097 - habit.core.preprocessing.image_processor_pipeline - WARNING - No mask found for subject subj001, skipping
2025-10-29 12:33:30,098 - habit.core.preprocessing.image_processor_pipeline - WARNING - No mask found for subject subj002, skipping
2025-10-29 12:33:30,099 - habit.core.preprocessing.image_processor_pipeline - INFO - 将使用 1 个进程进行处理
2025-10-29 12:33:30,099 - habit.core.preprocessing.image_processor_pipeline - INFO - 共有 2 个样本需要处理
2025-10-29 12:33:30,099 - habit.core.preprocessing.image_processor_pipeline - INFO - 开始处理数据...
2025-10-29 12:33:30,100 - habit.core.preprocessing.image_processor_pipeline - INFO - 使用单进程模式...
2025-10-29 12:33:30,101 - habit.core.preprocessing.image_processor_pipeline - INFO - Processing subject: subj001
2025-10-29 12:34:55,079 - habit.core.preprocessing.image_processor_pipeline - INFO - Logging initialized. Log file: F:\work\research\radiomics_TLSs\habit_project\demo_image_data\nii\preprocessed\logs\processing.log
2025-10-29 12:34:55,080 - habit.core.preprocessing.image_processor_pipeline - INFO - Using 1 worker processes.
2025-10-29 12:34:55,084 - habit.core.preprocessing.image_processor_pipeline - WARNING - No mask found for subject subj001, skipping
2025-10-29 12:34:55,085 - habit.core.preprocessing.image_processor_pipeline - WARNING - No mask found for subject subj002, skipping
2025-10-29 12:34:55,085 - habit.core.preprocessing.image_processor_pipeline - INFO - 将使用 1 个进程进行处理
2025-10-29 12:34:55,086 - habit.core.preprocessing.image_processor_pipeline - INFO - 共有 2 个样本需要处理
2025-10-29 12:34:55,087 - habit.core.preprocessing.image_processor_pipeline - INFO - 开始处理数据...
2025-10-29 12:34:55,087 - habit.core.preprocessing.image_processor_pipeline - INFO - 使用单进程模式...
2025-10-29 12:34:55,088 - habit.core.preprocessing.image_processor_pipeline - INFO - Processing subject: subj001
2025-10-29 12:36:03,517 - habit.core.preprocessing.image_processor_pipeline - INFO - Logging initialized. Log file: F:\work\research\radiomics_TLSs\habit_project\demo_image_data\nii\preprocessed\logs\processing.log
2025-10-29 12:36:03,519 - habit.core.preprocessing.image_processor_pipeline - INFO - Using 1 worker processes.
2025-10-29 12:36:03,521 - habit.core.preprocessing.image_processor_pipeline - WARNING - No mask found for subject subj001, skipping
2025-10-29 12:36:03,522 - habit.core.preprocessing.image_processor_pipeline - WARNING - No mask found for subject subj002, skipping
2025-10-29 12:36:03,522 - habit.core.preprocessing.image_processor_pipeline - INFO - 将使用 1 个进程进行处理
2025-10-29 12:36:03,523 - habit.core.preprocessing.image_processor_pipeline - INFO - 共有 2 个样本需要处理
2025-10-29 12:36:03,523 - habit.core.preprocessing.image_processor_pipeline - INFO - 开始处理数据...
2025-10-29 12:36:03,524 - habit.core.preprocessing.image_processor_pipeline - INFO - 使用单进程模式...
2025-10-29 12:36:03,525 - habit.core.preprocessing.image_processor_pipeline - INFO - Processing subject: subj001
2025-10-29 12:39:49,658 - habit.core.preprocessing.image_processor_pipeline - INFO - Logging initialized. Log file: F:\work\research\radiomics_TLSs\habit_project\demo_image_data\nii\preprocessed\logs\processing.log
2025-10-29 12:39:49,658 - habit.core.preprocessing.image_processor_pipeline - INFO - Using 1 worker processes.
2025-10-29 12:39:49,662 - habit.core.preprocessing.image_processor_pipeline - WARNING - No mask found for subject subj001, skipping
2025-10-29 12:39:49,663 - habit.core.preprocessing.image_processor_pipeline - WARNING - No mask found for subject subj002, skipping
2025-10-29 12:39:49,663 - habit.core.preprocessing.image_processor_pipeline - INFO - 将使用 1 个进程进行处理
2025-10-29 12:39:49,663 - habit.core.preprocessing.image_processor_pipeline - INFO - 共有 2 个样本需要处理
2025-10-29 12:39:49,664 - habit.core.preprocessing.image_processor_pipeline - INFO - 开始处理数据...
2025-10-29 12:39:49,664 - habit.core.preprocessing.image_processor_pipeline - INFO - 使用单进程模式...
2025-10-29 12:39:49,666 - habit.core.preprocessing.image_processor_pipeline - INFO - Processing subject: subj001
2025-10-29 12:41:23,706 - habit.core.preprocessing.image_processor_pipeline - INFO - Logging initialized. Log file: F:\work\research\radiomics_TLSs\habit_project\demo_image_data\nii\preprocessed\logs\processing.log
2025-10-29 12:41:23,707 - habit.core.preprocessing.image_processor_pipeline - INFO - Using 1 worker processes.
2025-10-29 12:41:23,710 - habit.core.preprocessing.image_processor_pipeline - WARNING - No mask found for subject subj001, skipping
2025-10-29 12:41:23,711 - habit.core.preprocessing.image_processor_pipeline - WARNING - No mask found for subject subj002, skipping
2025-10-29 12:41:23,711 - habit.core.preprocessing.image_processor_pipeline - INFO - 将使用 1 个进程进行处理
2025-10-29 12:41:23,712 - habit.core.preprocessing.image_processor_pipeline - INFO - 共有 2 个样本需要处理
2025-10-29 12:41:23,713 - habit.core.preprocessing.image_processor_pipeline - INFO - 开始处理数据...
2025-10-29 12:41:23,713 - habit.core.preprocessing.image_processor_pipeline - INFO - 使用单进程模式...
2025-10-29 12:41:23,714 - habit.core.preprocessing.image_processor_pipeline - INFO - Processing subject: subj001
2025-10-29 12:43:31,818 - habit.core.preprocessing.image_processor_pipeline - INFO - Logging initialized. Log file: F:\work\research\radiomics_TLSs\habit_project\demo_image_data\nii\preprocessed\logs\processing.log
2025-10-29 12:43:31,819 - habit.core.preprocessing.image_processor_pipeline - INFO - Using 1 worker processes.
2025-10-29 12:43:31,822 - habit.core.preprocessing.image_processor_pipeline - WARNING - No mask found for subject subj001, skipping
2025-10-29 12:43:31,823 - habit.core.preprocessing.image_processor_pipeline - WARNING - No mask found for subject subj002, skipping
2025-10-29 12:43:31,826 - habit.core.preprocessing.image_processor_pipeline - INFO - 将使用 1 个进程进行处理
2025-10-29 12:43:31,826 - habit.core.preprocessing.image_processor_pipeline - INFO - 共有 2 个样本需要处理
2025-10-29 12:43:31,827 - habit.core.preprocessing.image_processor_pipeline - INFO - 开始处理数据...
2025-10-29 12:43:31,828 - habit.core.preprocessing.image_processor_pipeline - INFO - 使用单进程模式...
2025-10-29 12:43:31,829 - habit.core.preprocessing.image_processor_pipeline - INFO - Processing subject: subj001
2025-10-29 12:48:27,230 - habit.core.preprocessing.image_processor_pipeline - INFO - Logging initialized. Log file: F:\work\research\radiomics_TLSs\habit_project\demo_image_data\nii\preprocessed\logs\processing.log
2025-10-29 12:48:27,231 - habit.core.preprocessing.image_processor_pipeline - INFO - Using 1 worker processes.
2025-10-29 12:48:27,234 - habit.core.preprocessing.image_processor_pipeline - WARNING - No mask found for subject subj001, skipping
2025-10-29 12:48:27,235 - habit.core.preprocessing.image_processor_pipeline - WARNING - No mask found for subject subj002, skipping
2025-10-29 12:48:27,235 - habit.core.preprocessing.image_processor_pipeline - INFO - 将使用 1 个进程进行处理
2025-10-29 12:48:27,236 - habit.core.preprocessing.image_processor_pipeline - INFO - 共有 2 个样本需要处理
2025-10-29 12:48:27,237 - habit.core.preprocessing.image_processor_pipeline - INFO - 开始处理数据...
2025-10-29 12:48:27,237 - habit.core.preprocessing.image_processor_pipeline - INFO - 使用单进程模式...
2025-10-29 12:48:27,238 - habit.core.preprocessing.image_processor_pipeline - INFO - Processing subject: subj001
2025-10-29 12:51:52,073 - habit.core.preprocessing.image_processor_pipeline - INFO - Logging initialized. Log file: F:\work\research\radiomics_TLSs\habit_project\demo_image_data\nii\preprocessed\logs\processing.log
2025-10-29 12:51:52,074 - habit.core.preprocessing.image_processor_pipeline - INFO - Using 1 worker processes.
2025-10-29 12:51:52,077 - habit.core.preprocessing.image_processor_pipeline - WARNING - No mask found for subject subj001, skipping
2025-10-29 12:51:52,078 - habit.core.preprocessing.image_processor_pipeline - WARNING - No mask found for subject subj002, skipping
2025-10-29 12:51:52,078 - habit.core.preprocessing.image_processor_pipeline - INFO - 将使用 1 个进程进行处理
2025-10-29 12:51:52,078 - habit.core.preprocessing.image_processor_pipeline - INFO - 共有 2 个样本需要处理
2025-10-29 12:51:52,079 - habit.core.preprocessing.image_processor_pipeline - INFO - 开始处理数据...
2025-10-29 12:51:52,079 - habit.core.preprocessing.image_processor_pipeline - INFO - 使用单进程模式...
2025-10-29 12:51:52,080 - habit.core.preprocessing.image_processor_pipeline - INFO - Processing subject: subj001
2025-10-29 12:53:26,350 - habit.core.preprocessing.image_processor_pipeline - INFO - Logging initialized. Log file: F:\work\research\radiomics_TLSs\habit_project\demo_image_data\nii\preprocessed\logs\processing.log
2025-10-29 12:53:26,351 - habit.core.preprocessing.image_processor_pipeline - INFO - Using 1 worker processes.
2025-10-29 12:53:26,354 - habit.core.preprocessing.image_processor_pipeline - WARNING - No mask found for subject subj001, skipping
2025-10-29 12:53:26,355 - habit.core.preprocessing.image_processor_pipeline - WARNING - No mask found for subject subj002, skipping
2025-10-29 12:53:26,355 - habit.core.preprocessing.image_processor_pipeline - INFO - 将使用 1 个进程进行处理
2025-10-29 12:53:26,356 - habit.core.preprocessing.image_processor_pipeline - INFO - 共有 2 个样本需要处理
2025-10-29 12:53:26,356 - habit.core.preprocessing.image_processor_pipeline - INFO - 开始处理数据...
2025-10-29 12:53:26,357 - habit.core.preprocessing.image_processor_pipeline - INFO - 使用单进程模式...
2025-10-29 12:53:26,358 - habit.core.preprocessing.image_processor_pipeline - INFO - Processing subject: subj001
2025-10-29 12:53:49,560 - habit.core.preprocessing.image_processor_pipeline - ERROR - Error saving processed images: 'NoneType' object is not subscriptable
2025-10-29 12:54:44,127 - habit.core.preprocessing.image_processor_pipeline - INFO - Logging initialized. Log file: F:\work\research\radiomics_TLSs\habit_project\demo_image_data\nii\preprocessed\logs\processing.log
2025-10-29 12:54:44,128 - habit.core.preprocessing.image_processor_pipeline - INFO - Using 1 worker processes.
2025-10-29 12:54:44,131 - habit.core.preprocessing.image_processor_pipeline - WARNING - No mask found for subject subj001, skipping
2025-10-29 12:54:44,133 - habit.core.preprocessing.image_processor_pipeline - WARNING - No mask found for subject subj002, skipping
2025-10-29 12:54:44,134 - habit.core.preprocessing.image_processor_pipeline - INFO - 将使用 1 个进程进行处理
2025-10-29 12:54:44,134 - habit.core.preprocessing.image_processor_pipeline - INFO - 共有 2 个样本需要处理
2025-10-29 12:54:44,135 - habit.core.preprocessing.image_processor_pipeline - INFO - 开始处理数据...
2025-10-29 12:54:44,135 - habit.core.preprocessing.image_processor_pipeline - INFO - 使用单进程模式...
2025-10-29 12:54:44,136 - habit.core.preprocessing.image_processor_pipeline - INFO - Processing subject: subj001
2025-10-29 12:56:56,041 - habit.core.preprocessing.image_processor_pipeline - INFO - Logging initialized. Log file: F:\work\research\radiomics_TLSs\habit_project\demo_image_data\nii\preprocessed\logs\processing.log
2025-10-29 12:56:56,041 - habit.core.preprocessing.image_processor_pipeline - INFO - Using 1 worker processes.
2025-10-29 12:56:56,045 - habit.core.preprocessing.image_processor_pipeline - WARNING - No mask found for subject subj001, skipping
2025-10-29 12:56:56,046 - habit.core.preprocessing.image_processor_pipeline - WARNING - No mask found for subject subj002, skipping
2025-10-29 12:56:56,047 - habit.core.preprocessing.image_processor_pipeline - INFO - 将使用 1 个进程进行处理
2025-10-29 12:56:56,047 - habit.core.preprocessing.image_processor_pipeline - INFO - 共有 2 个样本需要处理
2025-10-29 12:56:56,048 - habit.core.preprocessing.image_processor_pipeline - INFO - 开始处理数据...
2025-10-29 12:56:56,048 - habit.core.preprocessing.image_processor_pipeline - INFO - 使用单进程模式...
2025-10-29 12:56:56,050 - habit.core.preprocessing.image_processor_pipeline - INFO - Processing subject: subj001
2025-10-29 12:59:32,584 - habit.core.preprocessing.image_processor_pipeline - INFO - Logging initialized. Log file: F:\work\research\radiomics_TLSs\habit_project\demo_image_data\nii\preprocessed\logs\processing.log
2025-10-29 12:59:32,585 - habit.core.preprocessing.image_processor_pipeline - INFO - Using 1 worker processes.
2025-10-29 12:59:32,588 - habit.core.preprocessing.image_processor_pipeline - WARNING - No mask found for subject subj001, skipping
2025-10-29 12:59:32,590 - habit.core.preprocessing.image_processor_pipeline - WARNING - No mask found for subject subj002, skipping
2025-10-29 12:59:32,590 - habit.core.preprocessing.image_processor_pipeline - INFO - 将使用 1 个进程进行处理
2025-10-29 12:59:32,593 - habit.core.preprocessing.image_processor_pipeline - INFO - 共有 2 个样本需要处理
2025-10-29 12:59:32,593 - habit.core.preprocessing.image_processor_pipeline - INFO - 开始处理数据...
2025-10-29 12:59:32,594 - habit.core.preprocessing.image_processor_pipeline - INFO - 使用单进程模式...
2025-10-29 12:59:32,594 - habit.core.preprocessing.image_processor_pipeline - INFO - Processing subject: subj001
2025-10-29 13:02:03,842 - habit.core.preprocessing.image_processor_pipeline - INFO - Logging initialized. Log file: F:\work\research\radiomics_TLSs\habit_project\demo_image_data\nii\preprocessed\logs\processing.log
2025-10-29 13:02:03,843 - habit.core.preprocessing.image_processor_pipeline - INFO - Using 1 worker processes.
2025-10-29 13:02:03,846 - habit.core.preprocessing.image_processor_pipeline - WARNING - No mask found for subject subj001, skipping
2025-10-29 13:02:03,847 - habit.core.preprocessing.image_processor_pipeline - WARNING - No mask found for subject subj002, skipping
2025-10-29 13:02:03,847 - habit.core.preprocessing.image_processor_pipeline - INFO - 将使用 1 个进程进行处理
2025-10-29 13:02:03,848 - habit.core.preprocessing.image_processor_pipeline - INFO - 共有 2 个样本需要处理
2025-10-29 13:02:03,849 - habit.core.preprocessing.image_processor_pipeline - INFO - 开始处理数据...
2025-10-29 13:02:03,849 - habit.core.preprocessing.image_processor_pipeline - INFO - 使用单进程模式...
2025-10-29 13:02:03,849 - habit.core.preprocessing.image_processor_pipeline - INFO - Processing subject: subj001
2025-10-29 13:05:40,160 - habit.core.preprocessing.image_processor_pipeline - INFO - Logging initialized. Log file: F:\work\research\radiomics_TLSs\habit_project\demo_image_data\nii\preprocessed\logs\processing.log
2025-10-29 13:05:40,162 - habit.core.preprocessing.image_processor_pipeline - INFO - Using 1 worker processes.
2025-10-29 13:05:40,164 - habit.core.preprocessing.image_processor_pipeline - WARNING - No mask found for subject subj001, skipping
2025-10-29 13:05:40,164 - habit.core.preprocessing.image_processor_pipeline - WARNING - No mask found for subject subj002, skipping
2025-10-29 13:05:40,164 - habit.core.preprocessing.image_processor_pipeline - INFO - 将使用 1 个进程进行处理
2025-10-29 13:05:40,164 - habit.core.preprocessing.image_processor_pipeline - INFO - 共有 2 个样本需要处理
2025-10-29 13:05:40,167 - habit.core.preprocessing.image_processor_pipeline - INFO - 开始处理数据...
2025-10-29 13:05:40,167 - habit.core.preprocessing.image_processor_pipeline - INFO - 使用单进程模式...
2025-10-29 13:05:40,168 - habit.core.preprocessing.image_processor_pipeline - INFO - Processing subject: subj001
2025-10-29 13:08:38,269 - habit.core.preprocessing.image_processor_pipeline - INFO - Logging initialized. Log file: F:\work\research\radiomics_TLSs\habit_project\demo_image_data\nii\preprocessed\logs\processing.log
2025-10-29 13:08:38,269 - habit.core.preprocessing.image_processor_pipeline - INFO - Using 1 worker processes.
2025-10-29 13:08:38,274 - habit.core.preprocessing.image_processor_pipeline - WARNING - No mask found for subject subj001, skipping
2025-10-29 13:08:38,274 - habit.core.preprocessing.image_processor_pipeline - WARNING - No mask found for subject subj002, skipping
2025-10-29 13:08:38,274 - habit.core.preprocessing.image_processor_pipeline - INFO - 将使用 1 个进程进行处理
2025-10-29 13:08:38,274 - habit.core.preprocessing.image_processor_pipeline - INFO - 共有 2 个样本需要处理
2025-10-29 13:08:38,274 - habit.core.preprocessing.image_processor_pipeline - INFO - 开始处理数据...
2025-10-29 13:08:38,274 - habit.core.preprocessing.image_processor_pipeline - INFO - 使用单进程模式...
2025-10-29 13:08:38,274 - habit.core.preprocessing.image_processor_pipeline - INFO - Processing subject: subj001
2025-10-29 13:13:38,651 - habit.core.preprocessing.image_processor_pipeline - INFO - 完成处理样本: Success: subj001 (1/2)
2025-10-29 13:13:38,653 - habit.core.preprocessing.image_processor_pipeline - INFO - Processing subject: subj002
2025-10-29 13:13:41,274 - habit.core.preprocessing.image_processor_pipeline - INFO - 完成处理样本: Success: subj002 (2/2)
2025-10-29 13:13:41,275 - habit.core.preprocessing.image_processor_pipeline - INFO - 批处理完成
2025-10-29 13:15:21,225 - habit.core.preprocessing.image_processor_pipeline - INFO - Logging initialized. Log file: F:\work\research\radiomics_TLSs\habit_project\demo_image_data\nii\preprocessed\logs\processing.log
2025-10-29 13:15:21,225 - habit.core.preprocessing.image_processor_pipeline - INFO - Using 1 worker processes.
2025-10-29 13:15:21,230 - habit.core.preprocessing.image_processor_pipeline - WARNING - No mask found for subject subj001, skipping
2025-10-29 13:15:21,231 - habit.core.preprocessing.image_processor_pipeline - WARNING - No mask found for subject subj002, skipping
2025-10-29 13:15:21,231 - habit.core.preprocessing.image_processor_pipeline - INFO - 将使用 1 个进程进行处理
2025-10-29 13:15:21,231 - habit.core.preprocessing.image_processor_pipeline - INFO - 共有 2 个样本需要处理
2025-10-29 13:15:21,231 - habit.core.preprocessing.image_processor_pipeline - INFO - 开始处理数据...
2025-10-29 13:15:21,231 - habit.core.preprocessing.image_processor_pipeline - INFO - 使用单进程模式...
2025-10-29 13:15:21,231 - habit.core.preprocessing.image_processor_pipeline - INFO - Processing subject: subj001
2025-10-29 13:15:28,600 - habit.core.preprocessing.image_processor_pipeline - INFO - 完成处理样本: Success: subj001 (1/2)
2025-10-29 13:15:28,601 - habit.core.preprocessing.image_processor_pipeline - INFO - Processing subject: subj002
2025-10-29 13:15:36,503 - habit.core.preprocessing.image_processor_pipeline - INFO - 完成处理样本: Success: subj002 (2/2)
2025-10-29 13:15:36,503 - habit.core.preprocessing.image_processor_pipeline - INFO - 批处理完成
