2025-05-12 19:07:57,669 - ModelComparison - INFO - 成功添加split列到合并数据中: ['split']
2025-05-12 19:07:57,670 - ModelComparison - INFO - 按照 split 列进行分组，识别到的分组：['train', 'test']
2025-05-12 19:07:57,799 - ModelComparison - INFO - 成功添加split列到合并数据中: ['split']
2025-05-12 19:07:57,800 - ModelComparison - INFO - 按照 split 列进行分组，识别到的分组：['train', 'test']
2025-05-12 19:07:57,914 - ModelComparison - INFO - 成功添加split列到合并数据中: ['split']
2025-05-12 19:07:57,915 - ModelComparison - INFO - 按照 split 列进行分组，识别到的分组：['train', 'test']
2025-05-12 19:07:58,346 - ModelComparison - INFO - train组 ROC曲线已保存到 ./results/model_comparison\train\roc_curves.pdf
2025-05-12 19:07:58,650 - ModelComparison - INFO - train组 决策曲线已保存到 ./results/model_comparison\train\decision_curves.pdf
2025-05-12 19:07:58,900 - ModelComparison - INFO - train组 校准曲线已保存到 ./results/model_comparison\train\calibration_curves.pdf
2025-05-12 19:07:59,145 - ModelComparison - INFO - train组 精确率-召回率曲线已保存到 ./results/model_comparison\train\precision_recall_curves.pdf
2025-05-12 19:07:59,168 - ModelComparison - INFO - train组 DeLong检验结果已保存到 ./results/model_comparison\train\delong_results.json
2025-05-12 19:07:59,168 - ModelComparison - INFO - 开始计算Youden指标...
2025-05-12 19:07:59,168 - ModelComparison - INFO - 根据 split 分组计算Youden指数...
2025-05-12 19:07:59,168 - ModelComparison - INFO - 使用训练集确定Youden指数最优阈值...
2025-05-12 19:07:59,173 - ModelComparison - INFO - ModelA 训练集计算Youden指数，有效样本数: 300
2025-05-12 19:07:59,174 - ModelComparison - INFO - 模型 ModelA Youden指数最优阈值: 0.464765327
2025-05-12 19:07:59,179 - ModelComparison - INFO - ModelB 训练集计算Youden指数，有效样本数: 300
2025-05-12 19:07:59,179 - ModelComparison - INFO - 模型 ModelB Youden指数最优阈值: 0.4790648065371409
2025-05-12 19:07:59,184 - ModelComparison - INFO - ModelC 训练集计算Youden指数，有效样本数: 300
2025-05-12 19:07:59,184 - ModelComparison - INFO - 模型 ModelC Youden指数最优阈值: 0.8287150859832764
2025-05-12 19:07:59,185 - ModelComparison - INFO - 将Youden指数最优阈值应用到 train 数据集...
2025-05-12 19:07:59,188 - ModelComparison - INFO - ModelA 测试集应用训练集阈值评估完成，有效样本数: 300
2025-05-12 19:07:59,193 - ModelComparison - INFO - ModelB 测试集应用训练集阈值评估完成，有效样本数: 300
2025-05-12 19:07:59,196 - ModelComparison - INFO - ModelC 测试集应用训练集阈值评估完成，有效样本数: 300
2025-05-12 19:07:59,196 - ModelComparison - INFO - 将Youden指数最优阈值应用到 test 数据集...
2025-05-12 19:07:59,204 - ModelComparison - INFO - ModelA 测试集应用训练集阈值评估完成，有效样本数: 269
2025-05-12 19:07:59,208 - ModelComparison - INFO - ModelB 测试集应用训练集阈值评估完成，有效样本数: 269
2025-05-12 19:07:59,213 - ModelComparison - INFO - ModelC 测试集应用训练集阈值评估完成，有效样本数: 269
2025-05-12 19:07:59,213 - ModelComparison - INFO - 所有数据集的Youden指数评估完成
2025-05-12 19:07:59,213 - ModelComparison - INFO - 开始计算目标指标...
2025-05-12 19:07:59,214 - ModelComparison - INFO - 根据 split 分组计算目标指标阈值...
2025-05-12 19:07:59,214 - ModelComparison - INFO - 使用训练集确定目标指标阈值...
2025-05-12 19:07:59,242 - ModelComparison - INFO - ModelA 训练集计算目标指标，有效样本数: 300
2025-05-12 19:07:59,242 - ModelComparison - INFO - 模型 ModelA 同时满足所有目标的阈值: 0.836345312
2025-05-12 19:07:59,258 - ModelComparison - INFO - ModelB 训练集计算目标指标，有效样本数: 300
2025-05-12 19:07:59,259 - ModelComparison - INFO - 模型 ModelB 同时满足所有目标的阈值: 0.8612339603086173
2025-05-12 19:07:59,265 - ModelComparison - INFO - ModelC 训练集计算目标指标，有效样本数: 300
2025-05-12 19:07:59,265 - ModelComparison - INFO - 模型 ModelC 同时满足所有目标的阈值: 0.8287150859832764
2025-05-12 19:07:59,266 - ModelComparison - INFO - 将目标指标阈值应用到 train 数据集...
2025-05-12 19:07:59,269 - ModelComparison - INFO - ModelA 测试集应用训练集阈值评估完成，有效样本数: 300
2025-05-12 19:07:59,270 - ModelComparison - INFO - ModelB 测试集应用训练集阈值评估完成，有效样本数: 300
2025-05-12 19:07:59,275 - ModelComparison - INFO - ModelC 测试集应用训练集阈值评估完成，有效样本数: 300
2025-05-12 19:07:59,276 - ModelComparison - INFO - 将目标指标阈值应用到 test 数据集...
2025-05-12 19:07:59,279 - ModelComparison - INFO - ModelA 测试集应用训练集阈值评估完成，有效样本数: 269
2025-05-12 19:07:59,284 - ModelComparison - INFO - ModelB 测试集应用训练集阈值评估完成，有效样本数: 269
2025-05-12 19:07:59,287 - ModelComparison - INFO - ModelC 测试集应用训练集阈值评估完成，有效样本数: 269
2025-05-12 19:07:59,287 - ModelComparison - INFO - 所有数据集的目标指标评估完成
2025-05-12 19:07:59,521 - ModelComparison - INFO - test组 ROC曲线已保存到 ./results/model_comparison\test\roc_curves.pdf
2025-05-12 19:07:59,782 - ModelComparison - INFO - test组 决策曲线已保存到 ./results/model_comparison\test\decision_curves.pdf
2025-05-12 19:08:00,027 - ModelComparison - INFO - test组 校准曲线已保存到 ./results/model_comparison\test\calibration_curves.pdf
2025-05-12 19:08:00,277 - ModelComparison - INFO - test组 精确率-召回率曲线已保存到 ./results/model_comparison\test\precision_recall_curves.pdf
2025-05-12 19:08:00,301 - ModelComparison - INFO - test组 DeLong检验结果已保存到 ./results/model_comparison\test\delong_results.json
2025-05-12 19:08:00,301 - ModelComparison - INFO - 开始计算Youden指标...
2025-05-12 19:08:00,301 - ModelComparison - INFO - 根据 split 分组计算Youden指数...
2025-05-12 19:08:00,301 - ModelComparison - INFO - 使用训练集确定Youden指数最优阈值...
2025-05-12 19:08:00,305 - ModelComparison - INFO - ModelA 训练集计算Youden指数，有效样本数: 300
2025-05-12 19:08:00,307 - ModelComparison - INFO - 模型 ModelA Youden指数最优阈值: 0.464765327
2025-05-12 19:08:00,310 - ModelComparison - INFO - ModelB 训练集计算Youden指数，有效样本数: 300
2025-05-12 19:08:00,310 - ModelComparison - INFO - 模型 ModelB Youden指数最优阈值: 0.4790648065371409
2025-05-12 19:08:00,315 - ModelComparison - INFO - ModelC 训练集计算Youden指数，有效样本数: 300
2025-05-12 19:08:00,315 - ModelComparison - INFO - 模型 ModelC Youden指数最优阈值: 0.8287150859832764
2025-05-12 19:08:00,315 - ModelComparison - INFO - 将Youden指数最优阈值应用到 train 数据集...
2025-05-12 19:08:00,320 - ModelComparison - INFO - ModelA 测试集应用训练集阈值评估完成，有效样本数: 300
2025-05-12 19:08:00,324 - ModelComparison - INFO - ModelB 测试集应用训练集阈值评估完成，有效样本数: 300
2025-05-12 19:08:00,327 - ModelComparison - INFO - ModelC 测试集应用训练集阈值评估完成，有效样本数: 300
2025-05-12 19:08:00,327 - ModelComparison - INFO - 将Youden指数最优阈值应用到 test 数据集...
2025-05-12 19:08:00,334 - ModelComparison - INFO - ModelA 测试集应用训练集阈值评估完成，有效样本数: 269
2025-05-12 19:08:00,338 - ModelComparison - INFO - ModelB 测试集应用训练集阈值评估完成，有效样本数: 269
2025-05-12 19:08:00,339 - ModelComparison - INFO - ModelC 测试集应用训练集阈值评估完成，有效样本数: 269
2025-05-12 19:08:00,339 - ModelComparison - INFO - 所有数据集的Youden指数评估完成
2025-05-12 19:08:00,339 - ModelComparison - INFO - 开始计算目标指标...
2025-05-12 19:08:00,339 - ModelComparison - INFO - 根据 split 分组计算目标指标阈值...
2025-05-12 19:08:00,344 - ModelComparison - INFO - 使用训练集确定目标指标阈值...
2025-05-12 19:08:00,366 - ModelComparison - INFO - ModelA 训练集计算目标指标，有效样本数: 300
2025-05-12 19:08:00,366 - ModelComparison - INFO - 模型 ModelA 同时满足所有目标的阈值: 0.836345312
2025-05-12 19:08:00,379 - ModelComparison - INFO - ModelB 训练集计算目标指标，有效样本数: 300
2025-05-12 19:08:00,379 - ModelComparison - INFO - 模型 ModelB 同时满足所有目标的阈值: 0.8612339603086173
2025-05-12 19:08:00,390 - ModelComparison - INFO - ModelC 训练集计算目标指标，有效样本数: 300
2025-05-12 19:08:00,391 - ModelComparison - INFO - 模型 ModelC 同时满足所有目标的阈值: 0.8287150859832764
2025-05-12 19:08:00,391 - ModelComparison - INFO - 将目标指标阈值应用到 train 数据集...
2025-05-12 19:08:00,395 - ModelComparison - INFO - ModelA 测试集应用训练集阈值评估完成，有效样本数: 300
2025-05-12 19:08:00,398 - ModelComparison - INFO - ModelB 测试集应用训练集阈值评估完成，有效样本数: 300
2025-05-12 19:08:00,400 - ModelComparison - INFO - ModelC 测试集应用训练集阈值评估完成，有效样本数: 300
2025-05-12 19:08:00,401 - ModelComparison - INFO - 将目标指标阈值应用到 test 数据集...
2025-05-12 19:08:00,404 - ModelComparison - INFO - ModelA 测试集应用训练集阈值评估完成，有效样本数: 269
2025-05-12 19:08:00,406 - ModelComparison - INFO - ModelB 测试集应用训练集阈值评估完成，有效样本数: 269
2025-05-12 19:08:00,411 - ModelComparison - INFO - ModelC 测试集应用训练集阈值评估完成，有效样本数: 269
2025-05-12 19:08:00,411 - ModelComparison - INFO - 所有数据集的目标指标评估完成
2025-05-12 19:08:00,411 - ModelComparison - INFO - 开始计算所有数据集的基本指标...
2025-05-12 19:08:00,411 - ModelComparison - INFO - 计算 train 数据集的基本指标...
2025-05-12 19:08:00,415 - ModelComparison - INFO - ModelA (train组) 计算基本指标，有效样本数: 300
2025-05-12 19:08:00,418 - ModelComparison - INFO - ModelB (train组) 计算基本指标，有效样本数: 300
2025-05-12 19:08:00,422 - ModelComparison - INFO - ModelC (train组) 计算基本指标，有效样本数: 300
2025-05-12 19:08:00,423 - ModelComparison - INFO - 计算 test 数据集的基本指标...
2025-05-12 19:08:00,428 - ModelComparison - INFO - ModelA (test组) 计算基本指标，有效样本数: 269
2025-05-12 19:08:00,430 - ModelComparison - INFO - ModelB (test组) 计算基本指标，有效样本数: 269
2025-05-12 19:08:00,436 - ModelComparison - INFO - ModelC (test组) 计算基本指标，有效样本数: 269
2025-05-12 19:08:00,437 - ModelComparison - INFO - 所有数据集的基本指标计算完成
2025-05-12 19:08:00,437 - ModelComparison - INFO - 所有指标已保存到 ./results/model_comparison\metrics\metrics.json
2025-05-12 19:08:00,437 - ModelComparison - INFO - 保存的指标分组数量: 2
2025-05-12 19:08:00,437 - ModelComparison - INFO - 分组 train 中的模型数量: 3
2025-05-12 19:08:00,437 - ModelComparison - INFO -   模型 ModelA 的指标类型: youden_metrics, thresholds, target_metrics, basic_metrics
2025-05-12 19:08:00,440 - ModelComparison - INFO -   模型 ModelB 的指标类型: youden_metrics, thresholds, target_metrics, basic_metrics
2025-05-12 19:08:00,440 - ModelComparison - INFO -   模型 ModelC 的指标类型: youden_metrics, thresholds, target_metrics, basic_metrics
2025-05-12 19:08:00,440 - ModelComparison - INFO - 分组 test 中的模型数量: 3
2025-05-12 19:08:00,440 - ModelComparison - INFO -   模型 ModelA 的指标类型: youden_metrics, thresholds, basic_metrics, target_metrics
2025-05-12 19:08:00,441 - ModelComparison - INFO -   模型 ModelB 的指标类型: youden_metrics, thresholds, target_metrics, basic_metrics
2025-05-12 19:08:00,441 - ModelComparison - INFO -   模型 ModelC 的指标类型: youden_metrics, thresholds, target_metrics, basic_metrics
2025-05-12 19:08:00,441 - ModelComparison - INFO - 评估完成！所有结果已保存到./results/model_comparison
