2025-05-12 18:54:51,509 - ModelComparison - INFO - 成功添加split列到合并数据中: ['split']
2025-05-12 18:54:51,512 - ModelComparison - INFO - 按照 split 列进行分组，识别到的分组：['train', 'test']
2025-05-12 18:54:51,623 - ModelComparison - INFO - 成功添加split列到合并数据中: ['split']
2025-05-12 18:54:51,623 - ModelComparison - INFO - 按照 split 列进行分组，识别到的分组：['train', 'test']
2025-05-12 18:54:51,731 - ModelComparison - INFO - 成功添加split列到合并数据中: ['split']
2025-05-12 18:54:51,731 - ModelComparison - INFO - 按照 split 列进行分组，识别到的分组：['train', 'test']
2025-05-12 18:54:52,368 - ModelComparison - INFO - train组 ROC曲线已保存到 ./results/model_comparison\train\roc_curves.pdf
2025-05-12 18:54:52,685 - ModelComparison - INFO - train组 决策曲线已保存到 ./results/model_comparison\train\decision_curves.pdf
2025-05-12 18:54:52,918 - ModelComparison - INFO - train组 校准曲线已保存到 ./results/model_comparison\train\calibration_curves.pdf
2025-05-12 18:54:53,166 - ModelComparison - INFO - train组 精确率-召回率曲线已保存到 ./results/model_comparison\train\precision_recall_curves.pdf
2025-05-12 18:54:53,192 - ModelComparison - INFO - train组 DeLong检验结果已保存到 ./results/model_comparison\train\delong_results.json
2025-05-12 18:54:53,192 - ModelComparison - INFO - 开始计算Youden指标...
2025-05-12 18:54:53,192 - ModelComparison - INFO - 根据 split 分组计算Youden指数...
2025-05-12 18:54:53,193 - ModelComparison - INFO - 使用训练集确定Youden指数最优阈值...
2025-05-12 18:54:53,196 - ModelComparison - INFO - ModelA 训练集计算Youden指数，有效样本数: 300
2025-05-12 18:54:53,196 - ModelComparison - INFO - 模型 ModelA Youden指数最优阈值: 0.464765327
2025-05-12 18:54:53,196 - ModelComparison - INFO - ModelB 训练集计算Youden指数，有效样本数: 300
2025-05-12 18:54:53,196 - ModelComparison - INFO - 模型 ModelB Youden指数最优阈值: 0.4790648065371409
2025-05-12 18:54:53,206 - ModelComparison - INFO - ModelC 训练集计算Youden指数，有效样本数: 300
2025-05-12 18:54:53,206 - ModelComparison - INFO - 模型 ModelC Youden指数最优阈值: 0.8287150859832764
2025-05-12 18:54:53,207 - ModelComparison - INFO - 将Youden指数最优阈值应用到 train 数据集...
2025-05-12 18:54:53,212 - ModelComparison - INFO - ModelA 测试集应用训练集阈值评估完成，有效样本数: 300
2025-05-12 18:54:53,217 - ModelComparison - INFO - ModelB 测试集应用训练集阈值评估完成，有效样本数: 300
2025-05-12 18:54:53,217 - ModelComparison - INFO - ModelC 测试集应用训练集阈值评估完成，有效样本数: 300
2025-05-12 18:54:53,217 - ModelComparison - INFO - 将Youden指数最优阈值应用到 test 数据集...
2025-05-12 18:54:53,224 - ModelComparison - INFO - ModelA 测试集应用训练集阈值评估完成，有效样本数: 269
2025-05-12 18:54:53,231 - ModelComparison - INFO - ModelB 测试集应用训练集阈值评估完成，有效样本数: 269
2025-05-12 18:54:53,234 - ModelComparison - INFO - ModelC 测试集应用训练集阈值评估完成，有效样本数: 269
2025-05-12 18:54:53,234 - ModelComparison - INFO - 所有数据集的Youden指数评估完成
2025-05-12 18:54:53,234 - ModelComparison - INFO - 开始计算目标指标...
2025-05-12 18:54:53,234 - ModelComparison - INFO - 根据 split 分组计算目标指标阈值...
2025-05-12 18:54:53,234 - ModelComparison - INFO - 使用训练集确定目标指标阈值...
2025-05-12 18:54:53,265 - ModelComparison - INFO - ModelA 训练集计算目标指标，有效样本数: 300
2025-05-12 18:54:53,265 - ModelComparison - WARNING - 警告: ModelA 没有找到同时满足所有目标的阈值
2025-05-12 18:54:53,281 - ModelComparison - INFO - ModelB 训练集计算目标指标，有效样本数: 300
2025-05-12 18:54:53,281 - ModelComparison - INFO - 模型 ModelB 同时满足所有目标的阈值: 0.6587576166740102
2025-05-12 18:54:53,286 - ModelComparison - INFO - ModelC 训练集计算目标指标，有效样本数: 300
2025-05-12 18:54:53,287 - ModelComparison - INFO - 模型 ModelC 同时满足所有目标的阈值: 0.8287150859832764
2025-05-12 18:54:53,287 - ModelComparison - INFO - 将目标指标阈值应用到 train 数据集...
2025-05-12 18:54:53,287 - ModelComparison - WARNING - 警告: ModelA 测试集评估失败，没有找到训练集阈值
2025-05-12 18:54:53,291 - ModelComparison - INFO - ModelB 测试集应用训练集阈值评估完成，有效样本数: 300
2025-05-12 18:54:53,295 - ModelComparison - INFO - ModelC 测试集应用训练集阈值评估完成，有效样本数: 300
2025-05-12 18:54:53,295 - ModelComparison - INFO - 将目标指标阈值应用到 test 数据集...
2025-05-12 18:54:53,296 - ModelComparison - WARNING - 警告: ModelA 测试集评估失败，没有找到训练集阈值
2025-05-12 18:54:53,296 - ModelComparison - INFO - ModelB 测试集应用训练集阈值评估完成，有效样本数: 269
2025-05-12 18:54:53,301 - ModelComparison - INFO - ModelC 测试集应用训练集阈值评估完成，有效样本数: 269
2025-05-12 18:54:53,301 - ModelComparison - INFO - 所有数据集的目标指标评估完成
2025-05-12 18:54:53,534 - ModelComparison - INFO - test组 ROC曲线已保存到 ./results/model_comparison\test\roc_curves.pdf
2025-05-12 18:54:53,795 - ModelComparison - INFO - test组 决策曲线已保存到 ./results/model_comparison\test\decision_curves.pdf
2025-05-12 18:54:54,063 - ModelComparison - INFO - test组 校准曲线已保存到 ./results/model_comparison\test\calibration_curves.pdf
2025-05-12 18:54:54,293 - ModelComparison - INFO - test组 精确率-召回率曲线已保存到 ./results/model_comparison\test\precision_recall_curves.pdf
2025-05-12 18:54:54,324 - ModelComparison - INFO - test组 DeLong检验结果已保存到 ./results/model_comparison\test\delong_results.json
2025-05-12 18:54:54,325 - ModelComparison - INFO - 开始计算Youden指标...
2025-05-12 18:54:54,325 - ModelComparison - INFO - 根据 split 分组计算Youden指数...
2025-05-12 18:54:54,325 - ModelComparison - INFO - 使用训练集确定Youden指数最优阈值...
2025-05-12 18:54:54,328 - ModelComparison - INFO - ModelA 训练集计算Youden指数，有效样本数: 300
2025-05-12 18:54:54,328 - ModelComparison - INFO - 模型 ModelA Youden指数最优阈值: 0.464765327
2025-05-12 18:54:54,332 - ModelComparison - INFO - ModelB 训练集计算Youden指数，有效样本数: 300
2025-05-12 18:54:54,332 - ModelComparison - INFO - 模型 ModelB Youden指数最优阈值: 0.4790648065371409
2025-05-12 18:54:54,336 - ModelComparison - INFO - ModelC 训练集计算Youden指数，有效样本数: 300
2025-05-12 18:54:54,336 - ModelComparison - INFO - 模型 ModelC Youden指数最优阈值: 0.8287150859832764
2025-05-12 18:54:54,336 - ModelComparison - INFO - 将Youden指数最优阈值应用到 train 数据集...
2025-05-12 18:54:54,341 - ModelComparison - INFO - ModelA 测试集应用训练集阈值评估完成，有效样本数: 300
2025-05-12 18:54:54,345 - ModelComparison - INFO - ModelB 测试集应用训练集阈值评估完成，有效样本数: 300
2025-05-12 18:54:54,349 - ModelComparison - INFO - ModelC 测试集应用训练集阈值评估完成，有效样本数: 300
2025-05-12 18:54:54,349 - ModelComparison - INFO - 将Youden指数最优阈值应用到 test 数据集...
2025-05-12 18:54:54,354 - ModelComparison - INFO - ModelA 测试集应用训练集阈值评估完成，有效样本数: 269
2025-05-12 18:54:54,359 - ModelComparison - INFO - ModelB 测试集应用训练集阈值评估完成，有效样本数: 269
2025-05-12 18:54:54,363 - ModelComparison - INFO - ModelC 测试集应用训练集阈值评估完成，有效样本数: 269
2025-05-12 18:54:54,364 - ModelComparison - INFO - 所有数据集的Youden指数评估完成
2025-05-12 18:54:54,364 - ModelComparison - INFO - 开始计算目标指标...
2025-05-12 18:54:54,364 - ModelComparison - INFO - 根据 split 分组计算目标指标阈值...
2025-05-12 18:54:54,364 - ModelComparison - INFO - 使用训练集确定目标指标阈值...
2025-05-12 18:54:54,394 - ModelComparison - INFO - ModelA 训练集计算目标指标，有效样本数: 300
2025-05-12 18:54:54,395 - ModelComparison - WARNING - 警告: ModelA 没有找到同时满足所有目标的阈值
2025-05-12 18:54:54,414 - ModelComparison - INFO - ModelB 训练集计算目标指标，有效样本数: 300
2025-05-12 18:54:54,414 - ModelComparison - INFO - 模型 ModelB 同时满足所有目标的阈值: 0.6587576166740102
2025-05-12 18:54:54,423 - ModelComparison - INFO - ModelC 训练集计算目标指标，有效样本数: 300
2025-05-12 18:54:54,423 - ModelComparison - INFO - 模型 ModelC 同时满足所有目标的阈值: 0.8287150859832764
2025-05-12 18:54:54,423 - ModelComparison - INFO - 将目标指标阈值应用到 train 数据集...
2025-05-12 18:54:54,424 - ModelComparison - WARNING - 警告: ModelA 测试集评估失败，没有找到训练集阈值
2025-05-12 18:54:54,426 - ModelComparison - INFO - ModelB 测试集应用训练集阈值评估完成，有效样本数: 300
2025-05-12 18:54:54,431 - ModelComparison - INFO - ModelC 测试集应用训练集阈值评估完成，有效样本数: 300
2025-05-12 18:54:54,431 - ModelComparison - INFO - 将目标指标阈值应用到 test 数据集...
2025-05-12 18:54:54,431 - ModelComparison - WARNING - 警告: ModelA 测试集评估失败，没有找到训练集阈值
2025-05-12 18:54:54,435 - ModelComparison - INFO - ModelB 测试集应用训练集阈值评估完成，有效样本数: 269
2025-05-12 18:54:54,438 - ModelComparison - INFO - ModelC 测试集应用训练集阈值评估完成，有效样本数: 269
2025-05-12 18:54:54,439 - ModelComparison - INFO - 所有数据集的目标指标评估完成
2025-05-12 18:54:54,441 - ModelComparison - INFO - 开始计算所有数据集的基本指标...
2025-05-12 18:54:54,441 - ModelComparison - INFO - 计算 train 数据集的基本指标...
2025-05-12 18:54:54,445 - ModelComparison - INFO - ModelA (train组) 计算基本指标，有效样本数: 300
2025-05-12 18:54:54,450 - ModelComparison - INFO - ModelB (train组) 计算基本指标，有效样本数: 300
2025-05-12 18:54:54,455 - ModelComparison - INFO - ModelC (train组) 计算基本指标，有效样本数: 300
2025-05-12 18:54:54,455 - ModelComparison - INFO - 计算 test 数据集的基本指标...
2025-05-12 18:54:54,460 - ModelComparison - INFO - ModelA (test组) 计算基本指标，有效样本数: 269
2025-05-12 18:54:54,466 - ModelComparison - INFO - ModelB (test组) 计算基本指标，有效样本数: 269
2025-05-12 18:54:54,469 - ModelComparison - INFO - ModelC (test组) 计算基本指标，有效样本数: 269
2025-05-12 18:54:54,470 - ModelComparison - INFO - 所有数据集的基本指标计算完成
2025-05-12 18:54:54,472 - ModelComparison - INFO - 所有指标已保存到 ./results/model_comparison\metrics\metrics.json
2025-05-12 18:54:54,472 - ModelComparison - INFO - 保存的指标分组数量: 2
2025-05-12 18:54:54,472 - ModelComparison - INFO - 分组 train 中的模型数量: 3
2025-05-12 18:54:54,473 - ModelComparison - INFO -   模型 ModelA 的指标类型: youden_metrics, thresholds, target_metrics, basic_metrics
2025-05-12 18:54:54,473 - ModelComparison - INFO -   模型 ModelB 的指标类型: youden_metrics, thresholds, target_metrics, basic_metrics
2025-05-12 18:54:54,473 - ModelComparison - INFO -   模型 ModelC 的指标类型: youden_metrics, thresholds, target_metrics, basic_metrics
2025-05-12 18:54:54,474 - ModelComparison - INFO - 分组 test 中的模型数量: 3
2025-05-12 18:54:54,475 - ModelComparison - INFO -   模型 ModelA 的指标类型: youden_metrics, thresholds, basic_metrics
2025-05-12 18:54:54,475 - ModelComparison - INFO -   模型 ModelB 的指标类型: youden_metrics, thresholds, target_metrics, basic_metrics
2025-05-12 18:54:54,475 - ModelComparison - INFO -   模型 ModelC 的指标类型: youden_metrics, thresholds, target_metrics, basic_metrics
2025-05-12 18:54:54,475 - ModelComparison - INFO - 评估完成！所有结果已保存到./results/model_comparison
