2025-05-12 19:12:37,384 - ModelComparison - INFO - 成功添加split列到合并数据中: ['split']
2025-05-12 19:12:37,385 - ModelComparison - INFO - 按照 split 列进行分组，识别到的分组：['train', 'test']
2025-05-12 19:12:37,501 - ModelComparison - INFO - 成功添加split列到合并数据中: ['split']
2025-05-12 19:12:37,502 - ModelComparison - INFO - 按照 split 列进行分组，识别到的分组：['train', 'test']
2025-05-12 19:12:37,607 - ModelComparison - INFO - 成功添加split列到合并数据中: ['split']
2025-05-12 19:12:37,610 - ModelComparison - INFO - 按照 split 列进行分组，识别到的分组：['train', 'test']
2025-05-12 19:12:38,039 - ModelComparison - INFO - train组 ROC曲线已保存到 ./results/model_comparison\train\roc_curves.pdf
2025-05-12 19:12:38,348 - ModelComparison - INFO - train组 决策曲线已保存到 ./results/model_comparison\train\decision_curves.pdf
2025-05-12 19:12:38,708 - ModelComparison - INFO - train组 校准曲线已保存到 ./results/model_comparison\train\calibration_curves.pdf
2025-05-12 19:12:38,951 - ModelComparison - INFO - train组 精确率-召回率曲线已保存到 ./results/model_comparison\train\precision_recall_curves.pdf
2025-05-12 19:12:38,976 - ModelComparison - INFO - train组 DeLong检验结果已保存到 ./results/model_comparison\train\delong_results.json
2025-05-12 19:12:38,976 - ModelComparison - INFO - 开始计算Youden指标...
2025-05-12 19:12:38,976 - ModelComparison - INFO - 根据 split 分组计算Youden指数...
2025-05-12 19:12:38,976 - ModelComparison - INFO - 使用训练集确定Youden指数最优阈值...
2025-05-12 19:12:38,981 - ModelComparison - INFO - ModelA 训练集计算Youden指数，有效样本数: 300
2025-05-12 19:12:38,982 - ModelComparison - INFO - 模型 ModelA Youden指数最优阈值: 0.464765327
2025-05-12 19:12:38,987 - ModelComparison - INFO - ModelB 训练集计算Youden指数，有效样本数: 300
2025-05-12 19:12:38,988 - ModelComparison - INFO - 模型 ModelB Youden指数最优阈值: 0.4790648065371409
2025-05-12 19:12:38,991 - ModelComparison - INFO - ModelC 训练集计算Youden指数，有效样本数: 300
2025-05-12 19:12:38,992 - ModelComparison - INFO - 模型 ModelC Youden指数最优阈值: 0.8287150859832764
2025-05-12 19:12:38,992 - ModelComparison - INFO - 将Youden指数最优阈值应用到 train 数据集...
2025-05-12 19:12:39,000 - ModelComparison - INFO - ModelA 测试集应用训练集阈值评估完成，有效样本数: 300
2025-05-12 19:12:39,008 - ModelComparison - INFO - ModelB 测试集应用训练集阈值评估完成，有效样本数: 300
2025-05-12 19:12:39,014 - ModelComparison - INFO - ModelC 测试集应用训练集阈值评估完成，有效样本数: 300
2025-05-12 19:12:39,015 - ModelComparison - INFO - 将Youden指数最优阈值应用到 test 数据集...
2025-05-12 19:12:39,021 - ModelComparison - INFO - ModelA 测试集应用训练集阈值评估完成，有效样本数: 269
2025-05-12 19:12:39,029 - ModelComparison - INFO - ModelB 测试集应用训练集阈值评估完成，有效样本数: 269
2025-05-12 19:12:39,036 - ModelComparison - INFO - ModelC 测试集应用训练集阈值评估完成，有效样本数: 269
2025-05-12 19:12:39,037 - ModelComparison - INFO - 所有数据集的Youden指数评估完成
2025-05-12 19:12:39,037 - ModelComparison - INFO - 开始计算目标指标...
2025-05-12 19:12:39,038 - ModelComparison - INFO - 根据 split 分组计算目标指标阈值...
2025-05-12 19:12:39,038 - ModelComparison - INFO - 使用训练集确定目标指标阈值...
2025-05-12 19:12:39,076 - ModelComparison - INFO - ModelA 训练集计算目标指标，有效样本数: 300
2025-05-12 19:12:39,076 - ModelComparison - INFO - 模型 ModelA 同时满足所有目标的阈值: 0.836345312
2025-05-12 19:12:39,095 - ModelComparison - INFO - ModelB 训练集计算目标指标，有效样本数: 300
2025-05-12 19:12:39,095 - ModelComparison - INFO - 模型 ModelB 同时满足所有目标的阈值: 0.8612339603086173
2025-05-12 19:12:39,104 - ModelComparison - INFO - ModelC 训练集计算目标指标，有效样本数: 300
2025-05-12 19:12:39,104 - ModelComparison - INFO - 模型 ModelC 同时满足所有目标的阈值: 0.8287150859832764
2025-05-12 19:12:39,105 - ModelComparison - INFO - 将目标指标阈值应用到 train 数据集...
2025-05-12 19:12:39,109 - ModelComparison - INFO - ModelA 测试集应用训练集阈值评估完成，有效样本数: 300
2025-05-12 19:12:39,113 - ModelComparison - INFO - ModelB 测试集应用训练集阈值评估完成，有效样本数: 300
2025-05-12 19:12:39,118 - ModelComparison - INFO - ModelC 测试集应用训练集阈值评估完成，有效样本数: 300
2025-05-12 19:12:39,118 - ModelComparison - INFO - 将目标指标阈值应用到 test 数据集...
2025-05-12 19:12:39,121 - ModelComparison - INFO - ModelA 测试集应用训练集阈值评估完成，有效样本数: 269
2025-05-12 19:12:39,125 - ModelComparison - INFO - ModelB 测试集应用训练集阈值评估完成，有效样本数: 269
2025-05-12 19:12:39,128 - ModelComparison - INFO - ModelC 测试集应用训练集阈值评估完成，有效样本数: 269
2025-05-12 19:12:39,129 - ModelComparison - INFO - 所有数据集的目标指标评估完成
2025-05-12 19:12:39,393 - ModelComparison - INFO - test组 ROC曲线已保存到 ./results/model_comparison\test\roc_curves.pdf
2025-05-12 19:12:39,678 - ModelComparison - INFO - test组 决策曲线已保存到 ./results/model_comparison\test\decision_curves.pdf
2025-05-12 19:12:39,973 - ModelComparison - INFO - test组 校准曲线已保存到 ./results/model_comparison\test\calibration_curves.pdf
2025-05-12 19:12:40,237 - ModelComparison - INFO - test组 精确率-召回率曲线已保存到 ./results/model_comparison\test\precision_recall_curves.pdf
2025-05-12 19:12:40,255 - ModelComparison - INFO - test组 DeLong检验结果已保存到 ./results/model_comparison\test\delong_results.json
2025-05-12 19:12:40,255 - ModelComparison - INFO - 开始计算Youden指标...
2025-05-12 19:12:40,256 - ModelComparison - INFO - 根据 split 分组计算Youden指数...
2025-05-12 19:12:40,256 - ModelComparison - INFO - 使用训练集确定Youden指数最优阈值...
2025-05-12 19:12:40,260 - ModelComparison - INFO - ModelA 训练集计算Youden指数，有效样本数: 300
2025-05-12 19:12:40,260 - ModelComparison - INFO - 模型 ModelA Youden指数最优阈值: 0.464765327
2025-05-12 19:12:40,263 - ModelComparison - INFO - ModelB 训练集计算Youden指数，有效样本数: 300
2025-05-12 19:12:40,264 - ModelComparison - INFO - 模型 ModelB Youden指数最优阈值: 0.4790648065371409
2025-05-12 19:12:40,268 - ModelComparison - INFO - ModelC 训练集计算Youden指数，有效样本数: 300
2025-05-12 19:12:40,268 - ModelComparison - INFO - 模型 ModelC Youden指数最优阈值: 0.8287150859832764
2025-05-12 19:12:40,268 - ModelComparison - INFO - 将Youden指数最优阈值应用到 train 数据集...
2025-05-12 19:12:40,273 - ModelComparison - INFO - ModelA 测试集应用训练集阈值评估完成，有效样本数: 300
2025-05-12 19:12:40,277 - ModelComparison - INFO - ModelB 测试集应用训练集阈值评估完成，有效样本数: 300
2025-05-12 19:12:40,281 - ModelComparison - INFO - ModelC 测试集应用训练集阈值评估完成，有效样本数: 300
2025-05-12 19:12:40,281 - ModelComparison - INFO - 将Youden指数最优阈值应用到 test 数据集...
2025-05-12 19:12:40,285 - ModelComparison - INFO - ModelA 测试集应用训练集阈值评估完成，有效样本数: 269
2025-05-12 19:12:40,291 - ModelComparison - INFO - ModelB 测试集应用训练集阈值评估完成，有效样本数: 269
2025-05-12 19:12:40,295 - ModelComparison - INFO - ModelC 测试集应用训练集阈值评估完成，有效样本数: 269
2025-05-12 19:12:40,296 - ModelComparison - INFO - 所有数据集的Youden指数评估完成
2025-05-12 19:12:40,297 - ModelComparison - INFO - 开始计算目标指标...
2025-05-12 19:12:40,297 - ModelComparison - INFO - 根据 split 分组计算目标指标阈值...
2025-05-12 19:12:40,297 - ModelComparison - INFO - 使用训练集确定目标指标阈值...
2025-05-12 19:12:40,329 - ModelComparison - INFO - ModelA 训练集计算目标指标，有效样本数: 300
2025-05-12 19:12:40,329 - ModelComparison - INFO - 模型 ModelA 同时满足所有目标的阈值: 0.836345312
2025-05-12 19:12:40,344 - ModelComparison - INFO - ModelB 训练集计算目标指标，有效样本数: 300
2025-05-12 19:12:40,346 - ModelComparison - INFO - 模型 ModelB 同时满足所有目标的阈值: 0.8612339603086173
2025-05-12 19:12:40,352 - ModelComparison - INFO - ModelC 训练集计算目标指标，有效样本数: 300
2025-05-12 19:12:40,353 - ModelComparison - INFO - 模型 ModelC 同时满足所有目标的阈值: 0.8287150859832764
2025-05-12 19:12:40,353 - ModelComparison - INFO - 将目标指标阈值应用到 train 数据集...
2025-05-12 19:12:40,355 - ModelComparison - INFO - ModelA 测试集应用训练集阈值评估完成，有效样本数: 300
2025-05-12 19:12:40,360 - ModelComparison - INFO - ModelB 测试集应用训练集阈值评估完成，有效样本数: 300
2025-05-12 19:12:40,363 - ModelComparison - INFO - ModelC 测试集应用训练集阈值评估完成，有效样本数: 300
2025-05-12 19:12:40,363 - ModelComparison - INFO - 将目标指标阈值应用到 test 数据集...
2025-05-12 19:12:40,367 - ModelComparison - INFO - ModelA 测试集应用训练集阈值评估完成，有效样本数: 269
2025-05-12 19:12:40,370 - ModelComparison - INFO - ModelB 测试集应用训练集阈值评估完成，有效样本数: 269
2025-05-12 19:12:40,374 - ModelComparison - INFO - ModelC 测试集应用训练集阈值评估完成，有效样本数: 269
2025-05-12 19:12:40,374 - ModelComparison - INFO - 所有数据集的目标指标评估完成
2025-05-12 19:12:40,375 - ModelComparison - INFO - 开始计算所有数据集的基本指标...
2025-05-12 19:12:40,375 - ModelComparison - INFO - 计算 train 数据集的基本指标...
2025-05-12 19:12:40,379 - ModelComparison - INFO - ModelA (train组) 计算基本指标，有效样本数: 300
2025-05-12 19:12:40,383 - ModelComparison - INFO - ModelB (train组) 计算基本指标，有效样本数: 300
2025-05-12 19:12:40,387 - ModelComparison - INFO - ModelC (train组) 计算基本指标，有效样本数: 300
2025-05-12 19:12:40,388 - ModelComparison - INFO - 计算 test 数据集的基本指标...
2025-05-12 19:12:40,392 - ModelComparison - INFO - ModelA (test组) 计算基本指标，有效样本数: 269
2025-05-12 19:12:40,397 - ModelComparison - INFO - ModelB (test组) 计算基本指标，有效样本数: 269
2025-05-12 19:12:40,400 - ModelComparison - INFO - ModelC (test组) 计算基本指标，有效样本数: 269
2025-05-12 19:12:40,400 - ModelComparison - INFO - 所有数据集的基本指标计算完成
2025-05-12 19:12:40,403 - ModelComparison - INFO - 所有指标已保存到 ./results/model_comparison\metrics\metrics.json
2025-05-12 19:12:40,403 - ModelComparison - INFO - 保存的指标分组数量: 2
2025-05-12 19:12:40,403 - ModelComparison - INFO - 分组 train 中的模型数量: 3
2025-05-12 19:12:40,403 - ModelComparison - INFO -   模型 ModelA 的指标类型: youden_metrics, thresholds, target_metrics, basic_metrics
2025-05-12 19:12:40,403 - ModelComparison - INFO -   模型 ModelB 的指标类型: youden_metrics, thresholds, target_metrics, basic_metrics
2025-05-12 19:12:40,404 - ModelComparison - INFO -   模型 ModelC 的指标类型: youden_metrics, thresholds, target_metrics, basic_metrics
2025-05-12 19:12:40,404 - ModelComparison - INFO - 分组 test 中的模型数量: 3
2025-05-12 19:12:40,404 - ModelComparison - INFO -   模型 ModelA 的指标类型: youden_metrics, thresholds, basic_metrics, target_metrics
2025-05-12 19:12:40,405 - ModelComparison - INFO -   模型 ModelB 的指标类型: youden_metrics, thresholds, target_metrics, basic_metrics
2025-05-12 19:12:40,405 - ModelComparison - INFO -   模型 ModelC 的指标类型: youden_metrics, thresholds, target_metrics, basic_metrics
2025-05-12 19:12:40,405 - ModelComparison - INFO - 评估完成！所有结果已保存到./results/model_comparison
