2026-01-20 10:11:29 - habit - INFO - [log_utils.py:127] - Log file initialized: F:\work\habit_project\demo_data\ml_data\kfold_results\kfold_cv.log
2026-01-20 10:11:29 - habit.cli.kfold - INFO - [cmd_ml.py:158] - Starting K-fold cross-validation with config: ./demo_data/config_machine_learning_kfold.yaml
2026-01-20 10:11:29 - habit.ml_kfold - INFO - [machine_learning_kfold.py:27] - Starting K-Fold Pipeline with Pipeline support...
2026-01-20 10:11:29 - habit.ml_kfold - INFO - [base_workflow.py:39] - Loading and preparing data...
2026-01-20 10:11:29 - habit.ml_kfold - INFO - [data_manager.py:30] - Loading data from 1 files
2026-01-20 10:11:29 - habit.ml_kfold - INFO - [data_manager.py:46] - Reading F:\work\habit_project\demo_data\ml_data\breast_cancer_dataset.csv (Subject: subjID, Label: label)
2026-01-20 10:11:29 - habit.ml_kfold - INFO - [data_manager.py:94] - Data loaded: (569, 13)
2026-01-20 10:11:29 - habit.ml_kfold - INFO - [machine_learning_kfold.py:42] - --- Processing Fold 1 ---
2026-01-20 10:11:29 - habit.ml_kfold - INFO - [machine_learning_kfold.py:58] - Building Pipeline for LogisticRegression
2026-01-20 10:11:30 - habit.ml_kfold - INFO - [machine_learning_kfold.py:58] - Building Pipeline for RandomForest
2026-01-20 10:11:30 - habit.ml_kfold - INFO - [machine_learning_kfold.py:58] - Building Pipeline for XGBoost
2026-01-20 10:11:31 - habit.ml_kfold - INFO - [machine_learning_kfold.py:42] - --- Processing Fold 2 ---
2026-01-20 10:11:31 - habit.ml_kfold - INFO - [machine_learning_kfold.py:58] - Building Pipeline for LogisticRegression
2026-01-20 10:11:31 - habit.ml_kfold - INFO - [machine_learning_kfold.py:58] - Building Pipeline for RandomForest
2026-01-20 10:11:32 - habit.ml_kfold - INFO - [machine_learning_kfold.py:58] - Building Pipeline for XGBoost
2026-01-20 10:11:33 - habit.ml_kfold - INFO - [machine_learning_kfold.py:42] - --- Processing Fold 3 ---
2026-01-20 10:11:33 - habit.ml_kfold - INFO - [machine_learning_kfold.py:58] - Building Pipeline for LogisticRegression
2026-01-20 10:11:34 - habit.ml_kfold - INFO - [machine_learning_kfold.py:58] - Building Pipeline for RandomForest
2026-01-20 10:11:35 - habit.ml_kfold - INFO - [machine_learning_kfold.py:58] - Building Pipeline for XGBoost
2026-01-20 10:11:35 - habit.ml_kfold - INFO - [machine_learning_kfold.py:42] - --- Processing Fold 4 ---
2026-01-20 10:11:35 - habit.ml_kfold - INFO - [machine_learning_kfold.py:58] - Building Pipeline for LogisticRegression
2026-01-20 10:11:36 - habit.ml_kfold - INFO - [machine_learning_kfold.py:58] - Building Pipeline for RandomForest
2026-01-20 10:11:37 - habit.ml_kfold - INFO - [machine_learning_kfold.py:58] - Building Pipeline for XGBoost
2026-01-20 10:11:37 - habit.ml_kfold - INFO - [machine_learning_kfold.py:42] - --- Processing Fold 5 ---
2026-01-20 10:11:37 - habit.ml_kfold - INFO - [machine_learning_kfold.py:58] - Building Pipeline for LogisticRegression
2026-01-20 10:11:38 - habit.ml_kfold - INFO - [machine_learning_kfold.py:58] - Building Pipeline for RandomForest
2026-01-20 10:11:38 - habit.ml_kfold - INFO - [machine_learning_kfold.py:58] - Building Pipeline for XGBoost
2026-01-20 10:11:39 - habit.evaluation.plot_manager - INFO - [plot_manager.py:41] - Generating evaluation plots for kfold_ workflow (raw set)...
2026-01-20 10:11:42 - habit.cli.kfold - INFO - [cmd_ml.py:165] - K-fold cross-validation completed successfully
