2025-10-28 17:22:17,521 - habit_preprocess - INFO - Log file saved to: F:\work\research\radiomics_TLSs\habit_project\demo_image_data\nii\preprocessing_debug.log
2025-10-28 17:22:17,521 - habit_preprocess - INFO - Python version: 3.12.11 | packaged by Anaconda, Inc. | (main, Jun  5 2025, 12:58:53) [MSC v.1929 64 bit (AMD64)]
2025-10-28 17:22:17,560 - habit_preprocess - INFO - Platform: Windows-10-10.0.19045-SP0
2025-10-28 17:22:17,560 - habit_preprocess - INFO - Current working directory: F:\work\research\radiomics_TLSs\habit_project
2025-10-28 17:22:17,560 - habit_preprocess - INFO - Using configuration file: F:/work/research/radiomics_TLSs/habit_project/demo_image_data/dcm2nii.yaml
2025-10-28 17:22:17,562 - habit_preprocess - INFO - Set multiprocessing start method to 'spawn' on Windows
2025-10-28 17:22:17,566 - habit.core.preprocessing.image_processor_pipeline - INFO - Logging initialized. Log file: F:\work\research\radiomics_TLSs\habit_project\demo_image_data\nii\logs\processing.log
2025-10-28 17:22:17,566 - habit.core.preprocessing.image_processor_pipeline - INFO - Using 1 worker processes.
2025-10-28 17:22:17,567 - habit_preprocess - INFO - Successfully initialized BatchProcessor
2025-10-28 17:22:17,567 - habit_preprocess - INFO - Starting batch processing
2025-10-28 17:22:17,576 - habit.core.preprocessing.image_processor_pipeline - WARNING - No mask found for subject subj001, skipping
2025-10-28 17:22:17,578 - habit.core.preprocessing.image_processor_pipeline - WARNING - No mask found for subject subj002, skipping
2025-10-28 17:22:17,579 - habit.core.preprocessing.image_processor_pipeline - INFO - 将使用 1 个进程进行处理
2025-10-28 17:22:17,579 - habit.core.preprocessing.image_processor_pipeline - INFO - 共有 2 个样本需要处理
2025-10-28 17:22:17,580 - habit.core.preprocessing.image_processor_pipeline - INFO - 开始处理数据...
2025-10-28 17:22:17,580 - habit.core.preprocessing.image_processor_pipeline - INFO - 使用单进程模式...
2025-10-28 17:22:17,581 - habit.core.preprocessing.dcm2niix_converter - INFO - Added dcm2niix path to environment: F:\work\research\radiomics_TLSs\habit_project\demo_image_data
2025-10-28 17:22:17,592 - habit.core.preprocessing.dcm2niix_converter - INFO - dcm2niix executable verified: dcm2niix.exe
2025-10-28 17:22:17,592 - habit.core.preprocessing.image_processor_pipeline - INFO - Processing subject: subj001
2025-10-28 17:22:17,608 - habit.core.preprocessing.dcm2niix_converter - DEBUG - [subj001] delay2 is a directory, using it directly: F:\work\research\radiomics_TLSs\habit_project\demo_image_data\dicom\sub001\WATER_BHAxLAVA-Flex-2min_Series0012
2025-10-28 17:22:17,609 - habit.core.preprocessing.dcm2niix_converter - DEBUG - [subj001] Using output directory for delay2: F:\work\research\radiomics_TLSs\habit_project\demo_image_data\nii\processed_images\images\subj001\delay2
2025-10-28 17:22:17,609 - habit.core.preprocessing.dcm2niix_converter - INFO - [subj001] Using output directory: F:\work\research\radiomics_TLSs\habit_project\demo_image_data\nii\processed_images\images\subj001\delay2
2025-10-28 17:22:17,609 - habit.core.preprocessing.dcm2niix_converter - INFO - [subj001] Converting DICOM directory: F:\work\research\radiomics_TLSs\habit_project\demo_image_data\dicom\sub001\WATER_BHAxLAVA-Flex-2min_Series0012
2025-10-28 17:22:17,610 - habit.core.preprocessing.dcm2niix_converter - DEBUG - [subj001] Command: dcm2niix.exe -f subj001_delay2 -b n -l y -z y -o F:\work\research\radiomics_TLSs\habit_project\demo_image_data\nii\processed_images\images\subj001\delay2 F:\work\research\radiomics_TLSs\habit_project\demo_image_data\dicom\sub001\WATER_BHAxLAVA-Flex-2min_Series0012
2025-10-28 17:22:20,435 - habit.core.preprocessing.dcm2niix_converter - DEBUG - [subj001] Loaded F:\work\research\radiomics_TLSs\habit_project\demo_image_data\nii\processed_images\images\subj001\delay2\subj001_delay2.nii.gz as SimpleITK Image
2025-10-28 17:22:20,436 - habit.core.preprocessing.dcm2niix_converter - INFO - [subj001] Successfully converted and saved to F:\work\research\radiomics_TLSs\habit_project\demo_image_data\nii\processed_images\images\subj001\delay2
2025-10-28 17:22:20,436 - habit.core.preprocessing.dcm2niix_converter - INFO - [subj001] Converted delay2 to SimpleITK Image
2025-10-28 17:22:20,437 - habit.core.preprocessing.dcm2niix_converter - DEBUG - [subj001] delay3 is a directory, using it directly: F:\work\research\radiomics_TLSs\habit_project\demo_image_data\dicom\sub001\WATER_BHAxLAVA-Flex-3min_Series0014
2025-10-28 17:22:20,437 - habit.core.preprocessing.dcm2niix_converter - DEBUG - [subj001] Using output directory for delay3: F:\work\research\radiomics_TLSs\habit_project\demo_image_data\nii\processed_images\images\subj001\delay3
2025-10-28 17:22:20,437 - habit.core.preprocessing.dcm2niix_converter - INFO - [subj001] Using output directory: F:\work\research\radiomics_TLSs\habit_project\demo_image_data\nii\processed_images\images\subj001\delay3
2025-10-28 17:22:20,438 - habit.core.preprocessing.dcm2niix_converter - INFO - [subj001] Converting DICOM directory: F:\work\research\radiomics_TLSs\habit_project\demo_image_data\dicom\sub001\WATER_BHAxLAVA-Flex-3min_Series0014
2025-10-28 17:22:20,438 - habit.core.preprocessing.dcm2niix_converter - DEBUG - [subj001] Command: dcm2niix.exe -f subj001_delay3 -b n -l y -z y -o F:\work\research\radiomics_TLSs\habit_project\demo_image_data\nii\processed_images\images\subj001\delay3 F:\work\research\radiomics_TLSs\habit_project\demo_image_data\dicom\sub001\WATER_BHAxLAVA-Flex-3min_Series0014
2025-10-28 17:22:25,842 - habit.core.preprocessing.dcm2niix_converter - DEBUG - [subj001] Loaded F:\work\research\radiomics_TLSs\habit_project\demo_image_data\nii\processed_images\images\subj001\delay3\subj001_delay3.nii.gz as SimpleITK Image
2025-10-28 17:22:25,843 - habit.core.preprocessing.dcm2niix_converter - INFO - [subj001] Successfully converted and saved to F:\work\research\radiomics_TLSs\habit_project\demo_image_data\nii\processed_images\images\subj001\delay3
2025-10-28 17:22:25,843 - habit.core.preprocessing.dcm2niix_converter - INFO - [subj001] Converted delay3 to SimpleITK Image
2025-10-28 17:22:25,843 - habit.core.preprocessing.dcm2niix_converter - DEBUG - [subj001] delay5 is a directory, using it directly: F:\work\research\radiomics_TLSs\habit_project\demo_image_data\dicom\sub001\WATER_BHAxLAVA-Flex-5min_Series0016
2025-10-28 17:22:25,844 - habit.core.preprocessing.dcm2niix_converter - DEBUG - [subj001] Using output directory for delay5: F:\work\research\radiomics_TLSs\habit_project\demo_image_data\nii\processed_images\images\subj001\delay5
2025-10-28 17:22:25,844 - habit.core.preprocessing.dcm2niix_converter - INFO - [subj001] Using output directory: F:\work\research\radiomics_TLSs\habit_project\demo_image_data\nii\processed_images\images\subj001\delay5
2025-10-28 17:22:25,845 - habit.core.preprocessing.dcm2niix_converter - INFO - [subj001] Converting DICOM directory: F:\work\research\radiomics_TLSs\habit_project\demo_image_data\dicom\sub001\WATER_BHAxLAVA-Flex-5min_Series0016
2025-10-28 17:22:25,845 - habit.core.preprocessing.dcm2niix_converter - DEBUG - [subj001] Command: dcm2niix.exe -f subj001_delay5 -b n -l y -z y -o F:\work\research\radiomics_TLSs\habit_project\demo_image_data\nii\processed_images\images\subj001\delay5 F:\work\research\radiomics_TLSs\habit_project\demo_image_data\dicom\sub001\WATER_BHAxLAVA-Flex-5min_Series0016
2025-10-28 17:22:28,420 - habit.core.preprocessing.dcm2niix_converter - DEBUG - [subj001] Loaded F:\work\research\radiomics_TLSs\habit_project\demo_image_data\nii\processed_images\images\subj001\delay5\subj001_delay5.nii.gz as SimpleITK Image
2025-10-28 17:22:28,420 - habit.core.preprocessing.dcm2niix_converter - INFO - [subj001] Successfully converted and saved to F:\work\research\radiomics_TLSs\habit_project\demo_image_data\nii\processed_images\images\subj001\delay5
2025-10-28 17:22:28,421 - habit.core.preprocessing.dcm2niix_converter - INFO - [subj001] Converted delay5 to SimpleITK Image
2025-10-28 17:22:28,421 - habit.core.preprocessing.image_processor_pipeline - INFO - Skipping save for delay2: already saved by dcm2niix at F:\work\research\radiomics_TLSs\habit_project\demo_image_data\nii\processed_images\images\subj001\delay2\subj001_delay2.nii.gz
2025-10-28 17:22:28,421 - habit.core.preprocessing.image_processor_pipeline - INFO - Skipping save for delay3: already saved by dcm2niix at F:\work\research\radiomics_TLSs\habit_project\demo_image_data\nii\processed_images\images\subj001\delay3\subj001_delay3.nii.gz
2025-10-28 17:22:28,422 - habit.core.preprocessing.image_processor_pipeline - INFO - Skipping save for delay5: already saved by dcm2niix at F:\work\research\radiomics_TLSs\habit_project\demo_image_data\nii\processed_images\images\subj001\delay5\subj001_delay5.nii.gz
2025-10-28 17:22:28,423 - habit.core.preprocessing.image_processor_pipeline - INFO - 完成处理样本: Success: subj001 (1/2)
2025-10-28 17:22:28,423 - habit.core.preprocessing.dcm2niix_converter - INFO - dcm2niix path already in environment: F:\work\research\radiomics_TLSs\habit_project\demo_image_data
2025-10-28 17:22:28,433 - habit.core.preprocessing.dcm2niix_converter - INFO - dcm2niix executable verified: dcm2niix.exe
2025-10-28 17:22:28,434 - habit.core.preprocessing.image_processor_pipeline - INFO - Processing subject: subj002
2025-10-28 17:22:28,448 - habit.core.preprocessing.dcm2niix_converter - DEBUG - [subj002] delay2 is a directory, using it directly: F:\work\research\radiomics_TLSs\habit_project\demo_image_data\dicom\sub002\013_WATERBHAxLAVAFlex2min
2025-10-28 17:22:28,448 - habit.core.preprocessing.dcm2niix_converter - DEBUG - [subj002] Using output directory for delay2: F:\work\research\radiomics_TLSs\habit_project\demo_image_data\nii\processed_images\images\subj002\delay2
2025-10-28 17:22:28,448 - habit.core.preprocessing.dcm2niix_converter - INFO - [subj002] Using output directory: F:\work\research\radiomics_TLSs\habit_project\demo_image_data\nii\processed_images\images\subj002\delay2
2025-10-28 17:22:28,449 - habit.core.preprocessing.dcm2niix_converter - INFO - [subj002] Converting DICOM directory: F:\work\research\radiomics_TLSs\habit_project\demo_image_data\dicom\sub002\013_WATERBHAxLAVAFlex2min
2025-10-28 17:22:28,449 - habit.core.preprocessing.dcm2niix_converter - DEBUG - [subj002] Command: dcm2niix.exe -f subj002_delay2 -b n -l y -z y -o F:\work\research\radiomics_TLSs\habit_project\demo_image_data\nii\processed_images\images\subj002\delay2 F:\work\research\radiomics_TLSs\habit_project\demo_image_data\dicom\sub002\013_WATERBHAxLAVAFlex2min
2025-10-28 17:22:30,920 - habit.core.preprocessing.dcm2niix_converter - DEBUG - [subj002] Loaded F:\work\research\radiomics_TLSs\habit_project\demo_image_data\nii\processed_images\images\subj002\delay2\subj002_delay2.nii.gz as SimpleITK Image
2025-10-28 17:22:30,921 - habit.core.preprocessing.dcm2niix_converter - INFO - [subj002] Successfully converted and saved to F:\work\research\radiomics_TLSs\habit_project\demo_image_data\nii\processed_images\images\subj002\delay2
2025-10-28 17:22:30,921 - habit.core.preprocessing.dcm2niix_converter - INFO - [subj002] Converted delay2 to SimpleITK Image
2025-10-28 17:22:30,921 - habit.core.preprocessing.dcm2niix_converter - DEBUG - [subj002] delay3 is a directory, using it directly: F:\work\research\radiomics_TLSs\habit_project\demo_image_data\dicom\sub002\015_WATERBHAxLAVAFlex3min
2025-10-28 17:22:30,922 - habit.core.preprocessing.dcm2niix_converter - DEBUG - [subj002] Using output directory for delay3: F:\work\research\radiomics_TLSs\habit_project\demo_image_data\nii\processed_images\images\subj002\delay3
2025-10-28 17:22:30,922 - habit.core.preprocessing.dcm2niix_converter - INFO - [subj002] Using output directory: F:\work\research\radiomics_TLSs\habit_project\demo_image_data\nii\processed_images\images\subj002\delay3
2025-10-28 17:22:30,922 - habit.core.preprocessing.dcm2niix_converter - INFO - [subj002] Converting DICOM directory: F:\work\research\radiomics_TLSs\habit_project\demo_image_data\dicom\sub002\015_WATERBHAxLAVAFlex3min
2025-10-28 17:22:30,923 - habit.core.preprocessing.dcm2niix_converter - DEBUG - [subj002] Command: dcm2niix.exe -f subj002_delay3 -b n -l y -z y -o F:\work\research\radiomics_TLSs\habit_project\demo_image_data\nii\processed_images\images\subj002\delay3 F:\work\research\radiomics_TLSs\habit_project\demo_image_data\dicom\sub002\015_WATERBHAxLAVAFlex3min
2025-10-28 17:22:33,386 - habit.core.preprocessing.dcm2niix_converter - DEBUG - [subj002] Loaded F:\work\research\radiomics_TLSs\habit_project\demo_image_data\nii\processed_images\images\subj002\delay3\subj002_delay3.nii.gz as SimpleITK Image
2025-10-28 17:22:33,387 - habit.core.preprocessing.dcm2niix_converter - INFO - [subj002] Successfully converted and saved to F:\work\research\radiomics_TLSs\habit_project\demo_image_data\nii\processed_images\images\subj002\delay3
2025-10-28 17:22:33,387 - habit.core.preprocessing.dcm2niix_converter - INFO - [subj002] Converted delay3 to SimpleITK Image
2025-10-28 17:22:33,387 - habit.core.preprocessing.dcm2niix_converter - DEBUG - [subj002] delay5 is a directory, using it directly: F:\work\research\radiomics_TLSs\habit_project\demo_image_data\dicom\sub002\016_WATERWATERBHAxLAVAFlex5min
2025-10-28 17:22:33,388 - habit.core.preprocessing.dcm2niix_converter - DEBUG - [subj002] Using output directory for delay5: F:\work\research\radiomics_TLSs\habit_project\demo_image_data\nii\processed_images\images\subj002\delay5
2025-10-28 17:22:33,388 - habit.core.preprocessing.dcm2niix_converter - INFO - [subj002] Using output directory: F:\work\research\radiomics_TLSs\habit_project\demo_image_data\nii\processed_images\images\subj002\delay5
2025-10-28 17:22:33,388 - habit.core.preprocessing.dcm2niix_converter - INFO - [subj002] Converting DICOM directory: F:\work\research\radiomics_TLSs\habit_project\demo_image_data\dicom\sub002\016_WATERWATERBHAxLAVAFlex5min
2025-10-28 17:22:33,389 - habit.core.preprocessing.dcm2niix_converter - DEBUG - [subj002] Command: dcm2niix.exe -f subj002_delay5 -b n -l y -z y -o F:\work\research\radiomics_TLSs\habit_project\demo_image_data\nii\processed_images\images\subj002\delay5 F:\work\research\radiomics_TLSs\habit_project\demo_image_data\dicom\sub002\016_WATERWATERBHAxLAVAFlex5min
2025-10-28 17:22:36,028 - habit.core.preprocessing.dcm2niix_converter - DEBUG - [subj002] Loaded F:\work\research\radiomics_TLSs\habit_project\demo_image_data\nii\processed_images\images\subj002\delay5\subj002_delay5.nii.gz as SimpleITK Image
2025-10-28 17:22:36,029 - habit.core.preprocessing.dcm2niix_converter - INFO - [subj002] Successfully converted and saved to F:\work\research\radiomics_TLSs\habit_project\demo_image_data\nii\processed_images\images\subj002\delay5
2025-10-28 17:22:36,029 - habit.core.preprocessing.dcm2niix_converter - INFO - [subj002] Converted delay5 to SimpleITK Image
2025-10-28 17:22:36,029 - habit.core.preprocessing.image_processor_pipeline - INFO - Skipping save for delay2: already saved by dcm2niix at F:\work\research\radiomics_TLSs\habit_project\demo_image_data\nii\processed_images\images\subj002\delay2\subj002_delay2.nii.gz
2025-10-28 17:22:36,030 - habit.core.preprocessing.image_processor_pipeline - INFO - Skipping save for delay3: already saved by dcm2niix at F:\work\research\radiomics_TLSs\habit_project\demo_image_data\nii\processed_images\images\subj002\delay3\subj002_delay3.nii.gz
2025-10-28 17:22:36,031 - habit.core.preprocessing.image_processor_pipeline - INFO - Skipping save for delay5: already saved by dcm2niix at F:\work\research\radiomics_TLSs\habit_project\demo_image_data\nii\processed_images\images\subj002\delay5\subj002_delay5.nii.gz
2025-10-28 17:22:36,031 - habit.core.preprocessing.image_processor_pipeline - INFO - 完成处理样本: Success: subj002 (2/2)
2025-10-28 17:22:36,032 - habit.core.preprocessing.image_processor_pipeline - INFO - 批处理完成
2025-10-28 17:22:36,060 - habit_preprocess - INFO - Batch processing completed
